#-----------------------------------------------------------
# PlanAhead v14.7
# Build 321239 by xbuild on Fri Sep 27 19:31:35 MDT 2013
# Start of session at: Thu May 30 10:54:42 2019
# Process ID: 24628
# Log file: E:/ISE/Term_PC/CPU_R_I/planAhead_run_1/planAhead.log
# Journal file: E:/ISE/Term_PC/CPU_R_I/planAhead_run_1/planAhead.jou
#-----------------------------------------------------------
INFO: [Common 17-78] Attempting to get a license: PlanAhead
INFO: [Common 17-290] Got license for PlanAhead
INFO: [Device 21-36] Loading parts and site information from D:/Xilinx/14.7/ISE_DS/PlanAhead/data/parts/arch.xml
Parsing RTL primitives file [D:/Xilinx/14.7/ISE_DS/PlanAhead/data/parts/xilinx/rtl/prims/rtl_prims.xml]
Finished parsing RTL primitives file [D:/Xilinx/14.7/ISE_DS/PlanAhead/data/parts/xilinx/rtl/prims/rtl_prims.xml]
start_gui
source E:/ISE/Term_PC/CPU_R_I/pa.fromNetlist.tcl
# create_project -name CPU_R_I -dir "E:/ISE/Term_PC/CPU_R_I/planAhead_run_2" -part xc7a100tfgg484-3
# set_property design_mode GateLvl [get_property srcset [current_run -impl]]
# set_property edif_top_file "E:/ISE/Term_PC/CPU_R_I/CPU_R_I.ngc" [ get_property srcset [ current_run ] ]
# add_files -norecurse { {E:/ISE/Term_PC/CPU_R_I} {ipcore_dir} }
# add_files [list {ipcore_dir/RAM_A.ncf}] -fileset [get_property constrset [current_run]]
# add_files [list {ipcore_dir/RAM_B.ncf}] -fileset [get_property constrset [current_run]]
# set_param project.pinAheadLayout  yes
# set_property target_constrs_file "CPU_R_I.ucf" [current_fileset -constrset]
Adding file 'E:/ISE/Term_PC/CPU_R_I/CPU_R_I.ucf' to fileset 'constrs_1'
# add_files [list {CPU_R_I.ucf}] -fileset [get_property constrset [current_run]]
# link_design
Design is defaulting to srcset: sources_1
Design is defaulting to constrset: constrs_1
Design is defaulting to project part: xc7a100tfgg484-3
INFO: [Common 17-41] Interrupt caught. Command should exit soon.
Release 14.7 - ngc2edif P.20131013 (nt)
Copyright (c) 1995-2013 Xilinx, Inc.  All rights reserved.

Release 14.7 - ngc2edif P.20131013 (nt)
Copyright (c) 1995-2013 Xilinx, Inc.  All rights reserved.
Reading design CPU_R_I.ngc ...
WARNING:NetListWriters:298 - No output is written to CPU_R_I.xncf, ignored.
Processing design ...
   Preping design's networks ...
   Preping design's macros ...
  finished :Prep
Writing EDIF netlist file CPU_R_I.edif ...
ngc2edif: Total memory usage is 86892 kilobytes

Release 14.7 - ngc2edif P.20131013 (nt)
Copyright (c) 1995-2013 Xilinx, Inc.  All rights reserved.

Release 14.7 - ngc2edif P.20131013 (nt)
Copyright (c) 1995-2013 Xilinx, Inc.  All rights reserved.
Reading design CPU_R_I.ngc ...
WARNING:NetListWriters:298 - No output is written to CPU_R_I.xncf, ignored.
Processing design ...
   Preping design's networks ...
   Preping design's macros ...
  finished :Prep
Writing EDIF netlist file CPU_R_I.edif ...
ngc2edif: Total memory usage is 87020 kilobytes

Parsing EDIF File [./.Xil/PlanAhead-24628-DESKTOP-6PG7FI0/ngc2edif/CPU_R_I.edif]
INFO: [Common 17-344] 'link_design' was cancelled
INFO: [Common 17-344] 'source' was cancelled
exit
ERROR: [PlanAhead 12-106] *** Exception: ui.h.b: Found deleted key in HTclEventBroker. Verify if the classes listed here call cleanup()
HTclEvent: SIGNAL_MODIFY   Classes: ui.views.aR 
HTclEvent: DEBUG_PORT_CONFIG_CHANGE   Classes: ui.views.aR 
HTclEvent: SIGNAL_BUS_MODIFY   Classes: ui.views.aR 
HTclEvent: DEBUG_CORE_CONFIG_CHANGE   Classes: ui.views.aR 
 (See E:/ISE/Term_PC/CPU_R_I\planAhead_pid24628.debug)
ERROR: [Common 17-39] 'stop_gui' failed due to earlier errors.
INFO: [Common 17-206] Exiting PlanAhead at Thu May 30 10:55:31 2019...
INFO: [Common 17-83] Releasing license: PlanAhead
