--------------------------------------------------------------------------------
Release 14.7 Trace  (nt64)
Copyright (c) 1995-2013 Xilinx, Inc.  All rights reserved.

D:\Xilinx\14.7\ISE_DS\ISE\bin\nt64\unwrapped\trce.exe -intstyle ise -v 3 -s 3
-n 3 -fastpaths -xml text_2.twx text_2.ncd -o text_2.twr text_2.pcf -ucf
text_2.ucf

Design file:              text_2.ncd
Physical constraint file: text_2.pcf
Device,package,speed:     xc7a100t,fgg484,C,-3 (PRODUCTION 1.10 2013-10-13)
Report level:             verbose report

Environment Variable      Effect 
--------------------      ------ 
NONE                      No environment variables were set
--------------------------------------------------------------------------------

INFO:Timing:2698 - No timing constraints found, doing default enumeration.
INFO:Timing:3412 - To improve timing, see the Timing Closure User Guide (UG612).
INFO:Timing:2752 - To get complete path coverage, use the unconstrained paths 
   option. All paths that are not constrained will be reported in the 
   unconstrained paths section(s) of the report.
INFO:Timing:3339 - The clock-to-out numbers in this timing report are based on 
   a 50 Ohm transmission line loading model.  For the details of this model, 
   and for more information on accounting for different loading conditions, 
   please see the device datasheet.



Data Sheet report:
-----------------
All values displayed in nanoseconds (ns)

Pad to Pad
---------------+---------------+---------+
Source Pad     |Destination Pad|  Delay  |
---------------+---------------+---------+
A<0>           |Y<0>           |    6.917|
A<1>           |Y<1>           |    7.127|
B<0>           |Y<0>           |    6.905|
B<1>           |Y<1>           |    6.303|
C<0>           |Y<0>           |    6.332|
C<1>           |Y<1>           |    6.329|
D<0>           |Y<0>           |    6.669|
D<1>           |Y<1>           |    6.289|
EN             |Y<0>           |    6.853|
EN             |Y<1>           |    6.781|
S<0>           |Y<0>           |    7.065|
S<0>           |Y<1>           |    6.494|
S<1>           |Y<0>           |    6.671|
S<1>           |Y<1>           |    6.487|
---------------+---------------+---------+


Analysis completed Sun Dec 09 12:50:12 2018 
--------------------------------------------------------------------------------

Trace Settings:
-------------------------
Trace Settings 

Peak Memory Usage: 5003 MB



