
****** PlanAhead v14.7
  **** Build 321239 by xbuild on Fri Sep 27 19:31:35 MDT 2013
    ** Copyright 1986-1999, 2001-2013 Xilinx, Inc. All Rights Reserved.

INFO: [Common 17-78] Attempting to get a license: PlanAhead
INFO: [Common 17-290] Got license for PlanAhead
INFO: [Device 21-36] Loading parts and site information from D:/Xilinx/14.7/ISE_DS/PlanAhead/data/parts/arch.xml
Parsing RTL primitives file [D:/Xilinx/14.7/ISE_DS/PlanAhead/data/parts/xilinx/rtl/prims/rtl_prims.xml]
Finished parsing RTL primitives file [D:/Xilinx/14.7/ISE_DS/PlanAhead/data/parts/xilinx/rtl/prims/rtl_prims.xml]
start_gui
source E:/ISE/Project_jicunqidui/pa.fromNetlist.tcl
# create_project -name Project_jicunqidui -dir "E:/ISE/Project_jicunqidui/planAhead_run_1" -part xc7a100tfgg484-3
# set_property design_mode GateLvl [get_property srcset [current_run -impl]]
# set_property edif_top_file "E:/ISE/Project_jicunqidui/jicunqi.ngc" [ get_property srcset [ current_run ] ]
# add_files -norecurse { {E:/ISE/Project_jicunqidui} }
# set_param project.pinAheadLayout  yes
# set_property target_constrs_file "jicunqi.ucf" [current_fileset -constrset]
Adding file 'E:/ISE/Project_jicunqidui/jicunqi.ucf' to fileset 'constrs_1'
# add_files [list {jicunqi.ucf}] -fileset [get_property constrset [current_run]]
# link_design
Design is defaulting to srcset: sources_1
Design is defaulting to constrset: constrs_1
Design is defaulting to project part: xc7a100tfgg484-3
Release 14.7 - ngc2edif P.20131013 (nt)
Copyright (c) 1995-2013 Xilinx, Inc.  All rights reserved.

Release 14.7 - ngc2edif P.20131013 (nt)
Copyright (c) 1995-2013 Xilinx, Inc.  All rights reserved.
Reading design jicunqi.ngc ...
WARNING:NetListWriters:298 - No output is written to jicunqi.xncf, ignored.
Processing design ...
   Preping design's networks ...
   Preping design's macros ...
  finished :Prep
Writing EDIF netlist file jicunqi.edif ...
ngc2edif: Total memory usage is 84208 kilobytes

Parsing EDIF File [./planAhead_run_1/Project_jicunqidui.data/cache/jicunqi_ngc_zx.edif]
Finished Parsing EDIF File [./planAhead_run_1/Project_jicunqidui.data/cache/jicunqi_ngc_zx.edif]
INFO: [Netlist 29-17] Analyzing 43 Unisim elements for replacement
INFO: [Netlist 29-28] Unisim Transformation completed in 0 CPU seconds
Loading clock regions from D:/Xilinx/14.7/ISE_DS/PlanAhead/data\parts/xilinx/artix7/artix7/xc7a100t/ClockRegion.xml
Loading clock buffers from D:/Xilinx/14.7/ISE_DS/PlanAhead/data\parts/xilinx/artix7/artix7/xc7a100t/ClockBuffers.xml
Loading clock placement rules from D:/Xilinx/14.7/ISE_DS/PlanAhead/data/parts/xilinx/artix7/ClockPlacerRules.xml
Loading package pin functions from D:/Xilinx/14.7/ISE_DS/PlanAhead/data\parts/xilinx/artix7/PinFunctions.xml...
Loading package from D:/Xilinx/14.7/ISE_DS/PlanAhead/data\parts/xilinx/artix7/artix7/xc7a100t/fgg484/Package.xml
Loading io standards from D:/Xilinx/14.7/ISE_DS/PlanAhead/data\./parts/xilinx/artix7/IOStandards.xml
Loading device configuration modes from D:/Xilinx/14.7/ISE_DS/PlanAhead/data\parts/xilinx/artix7/ConfigModes.xml
Loading list of drcs for the architecture : D:/Xilinx/14.7/ISE_DS/PlanAhead/data\./parts/xilinx/artix7/drc.xml
Parsing UCF File [E:/ISE/Project_jicunqidui/jicunqi.ucf]
Finished Parsing UCF File [E:/ISE/Project_jicunqidui/jicunqi.ucf]
INFO: [Project 1-111] Unisim Transformation Summary:
  A total of 43 instances were transformed.
  BUFGP => BUFGP (IBUF, BUFG): 1 instances
  FDP => FDPE: 5 instances
  LD => LDCE: 32 instances
  LDC => LDCE: 5 instances

Phase 0 | Netlist Checksum: c0d7f070
link_design: Time (s): elapsed = 00:00:16 . Memory (MB): peak = 745.582 ; gain = 291.758
set_property iostandard LVCMOS18 [get_ports [list {addr[2]} {addr[1]} {addr[0]}]]
set_property iostandard LVCMOS18 [get_ports [list {in[3]} {in[2]} {in[1]} {in[0]}]]
set_property iostandard LVCMOS18 [get_ports [list {out[3]} {out[2]} {out[1]} {out[0]}]]
set_property pulltype PULLDOWN [get_ports [list {addr[2]} {addr[1]} {addr[0]}]]
startgroup
set_property package_pin T3 [get_ports {addr[2]}]
endgroup
startgroup
set_property package_pin U3 [get_ports {addr[1]}]
endgroup
startgroup
set_property package_pin T4 [get_ports {addr[0]}]
endgroup
startgroup
set_property package_pin R6 [get_ports {in[3]}]
endgroup
startgroup
set_property package_pin U7 [get_ports {in[2]}]
endgroup
startgroup
set_property package_pin AB7 [get_ports {in[1]}]
endgroup
startgroup
set_property package_pin AB8 [get_ports {in[0]}]
endgroup
startgroup
set_property package_pin R1 [get_ports {out[3]}]
endgroup
startgroup
set_property package_pin P2 [get_ports {out[2]}]
endgroup
startgroup
set_property package_pin P1 [get_ports {out[1]}]
endgroup
startgroup
set_property package_pin N2 [get_ports {out[0]}]
endgroup
set_property iostandard LVCMOS18 [get_ports [list clk]]
set_property iostandard LVCMOS18 [get_ports [list read]]
set_property iostandard LVCMOS18 [get_ports [list write]]
set_property pulltype PULLDOWN [get_ports [list clk]]
set_property package_pin "" [get_ports [list  clk]]
startgroup
set_property package_pin V3 [get_ports clk]
endgroup
startgroup
set_property package_pin V8 [get_ports read]
endgroup
startgroup
set_property package_pin AA8 [get_ports write]
endgroup
save_constraints
exit
ERROR: [Common 17-39] 'stop_gui' failed due to earlier errors.
INFO: [Common 17-206] Exiting PlanAhead at Tue Dec 18 16:22:58 2018...
INFO: [Common 17-83] Releasing license: PlanAhead
