
****** PlanAhead v14.7
  **** Build 321239 by xbuild on Fri Sep 27 19:31:35 MDT 2013
    ** Copyright 1986-1999, 2001-2013 Xilinx, Inc. All Rights Reserved.

INFO: [Common 17-78] Attempting to get a license: PlanAhead
INFO: [Common 17-290] Got license for PlanAhead
INFO: [Device 21-36] Loading parts and site information from D:/Xilinx/14.7/ISE_DS/PlanAhead/data/parts/arch.xml
Parsing RTL primitives file [D:/Xilinx/14.7/ISE_DS/PlanAhead/data/parts/xilinx/rtl/prims/rtl_prims.xml]
Finished parsing RTL primitives file [D:/Xilinx/14.7/ISE_DS/PlanAhead/data/parts/xilinx/rtl/prims/rtl_prims.xml]
start_gui
source E:/ISE/Project_8/pa.fromNetlist.tcl
# create_project -name Project_8 -dir "E:/ISE/Project_8/planAhead_run_3" -part xc7a100tfgg484-3
# set_property design_mode GateLvl [get_property srcset [current_run -impl]]
# set_property edif_top_file "E:/ISE/Project_8/Demo_8.ngc" [ get_property srcset [ current_run ] ]
# add_files -norecurse { {E:/ISE/Project_8} }
# set_param project.pinAheadLayout  yes
# set_property target_constrs_file "Demo_8.ucf" [current_fileset -constrset]
Adding file 'E:/ISE/Project_8/Demo_8.ucf' to fileset 'constrs_1'
# add_files [list {Demo_8.ucf}] -fileset [get_property constrset [current_run]]
# link_design
Design is defaulting to srcset: sources_1
Design is defaulting to constrset: constrs_1
Design is defaulting to project part: xc7a100tfgg484-3
Release 14.7 - ngc2edif P.20131013 (nt)
Copyright (c) 1995-2013 Xilinx, Inc.  All rights reserved.

Release 14.7 - ngc2edif P.20131013 (nt)
Copyright (c) 1995-2013 Xilinx, Inc.  All rights reserved.
Reading design Demo_8.ngc ...
WARNING:NetListWriters:298 - No output is written to Demo_8.xncf, ignored.
Processing design ...
   Preping design's networks ...
   Preping design's macros ...
  finished :Prep
Writing EDIF netlist file Demo_8.edif ...
ngc2edif: Total memory usage is 83760 kilobytes

Parsing EDIF File [./planAhead_run_3/Project_8.data/cache/Demo_8_ngc_zx.edif]
Finished Parsing EDIF File [./planAhead_run_3/Project_8.data/cache/Demo_8_ngc_zx.edif]
INFO: [Netlist 29-17] Analyzing 2 Unisim elements for replacement
INFO: [Netlist 29-28] Unisim Transformation completed in 0 CPU seconds
Loading clock regions from D:/Xilinx/14.7/ISE_DS/PlanAhead/data\parts/xilinx/artix7/artix7/xc7a100t/ClockRegion.xml
Loading clock buffers from D:/Xilinx/14.7/ISE_DS/PlanAhead/data\parts/xilinx/artix7/artix7/xc7a100t/ClockBuffers.xml
Loading clock placement rules from D:/Xilinx/14.7/ISE_DS/PlanAhead/data/parts/xilinx/artix7/ClockPlacerRules.xml
Loading package pin functions from D:/Xilinx/14.7/ISE_DS/PlanAhead/data\parts/xilinx/artix7/PinFunctions.xml...
Loading package from D:/Xilinx/14.7/ISE_DS/PlanAhead/data\parts/xilinx/artix7/artix7/xc7a100t/fgg484/Package.xml
Loading io standards from D:/Xilinx/14.7/ISE_DS/PlanAhead/data\./parts/xilinx/artix7/IOStandards.xml
Loading device configuration modes from D:/Xilinx/14.7/ISE_DS/PlanAhead/data\parts/xilinx/artix7/ConfigModes.xml
Loading list of drcs for the architecture : D:/Xilinx/14.7/ISE_DS/PlanAhead/data\./parts/xilinx/artix7/drc.xml
Parsing UCF File [E:/ISE/Project_8/Demo_8.ucf]
Finished Parsing UCF File [E:/ISE/Project_8/Demo_8.ucf]
INFO: [Project 1-111] Unisim Transformation Summary:
  A total of 2 instances were transformed.
  LDE_1 => LDCE (inverted pins: G): 2 instances

Phase 0 | Netlist Checksum: adda7fd8
link_design: Time (s): elapsed = 00:00:13 . Memory (MB): peak = 806.977 ; gain = 365.012
exit
ERROR: [Common 17-39] 'stop_gui' failed due to earlier errors.
INFO: [Common 17-206] Exiting PlanAhead at Sun Dec 09 13:45:31 2018...
INFO: [Common 17-83] Releasing license: PlanAhead
