
****** PlanAhead v14.7
  **** Build 321239 by xbuild on Fri Sep 27 19:31:35 MDT 2013
    ** Copyright 1986-1999, 2001-2013 Xilinx, Inc. All Rights Reserved.

INFO: [Common 17-78] Attempting to get a license: PlanAhead
INFO: [Common 17-290] Got license for PlanAhead
INFO: [Device 21-36] Loading parts and site information from D:/Xilinx/14.7/ISE_DS/PlanAhead/data/parts/arch.xml
Parsing RTL primitives file [D:/Xilinx/14.7/ISE_DS/PlanAhead/data/parts/xilinx/rtl/prims/rtl_prims.xml]
Finished parsing RTL primitives file [D:/Xilinx/14.7/ISE_DS/PlanAhead/data/parts/xilinx/rtl/prims/rtl_prims.xml]
start_gui
source E:/ISE/Project_3/pa.fromHdl.tcl
# create_project -name Project_3 -dir "E:/ISE/Project_3/planAhead_run_1" -part xc7a100tfgg484-3
# set_param project.pinAheadLayout yes
# set srcset [get_property srcset [current_run -impl]]
# set_property target_constrs_file "project3.ucf" [current_fileset -constrset]
Adding file 'E:/ISE/Project_3/project3.ucf' to fileset 'constrs_1'
# set hdlfile [add_files [list {Demo_3.v}]]
# set_property file_type Verilog $hdlfile
# set_property library work $hdlfile
# set_property top project3 $srcset
# add_files [list {project3.ucf}] -fileset [get_property constrset [current_run]]
# open_rtl_design -part xc7a100tfgg484-3
Using Verific elaboration
Parsing VHDL file "D:/Xilinx/14.7/ISE_DS/PlanAhead/data/parts/xilinx/rtl/lib/synplify/synattr.vhd" into library synplify
Analyzing Verilog file "E:/ISE/Project_3/Demo_3.v" into library work
Loading clock regions from D:/Xilinx/14.7/ISE_DS/PlanAhead/data\parts/xilinx/artix7/artix7/xc7a100t/ClockRegion.xml
Loading clock buffers from D:/Xilinx/14.7/ISE_DS/PlanAhead/data\parts/xilinx/artix7/artix7/xc7a100t/ClockBuffers.xml
Loading clock placement rules from D:/Xilinx/14.7/ISE_DS/PlanAhead/data/parts/xilinx/artix7/ClockPlacerRules.xml
Loading package pin functions from D:/Xilinx/14.7/ISE_DS/PlanAhead/data\parts/xilinx/artix7/PinFunctions.xml...
Loading package from D:/Xilinx/14.7/ISE_DS/PlanAhead/data\parts/xilinx/artix7/artix7/xc7a100t/fgg484/Package.xml
Loading io standards from D:/Xilinx/14.7/ISE_DS/PlanAhead/data\./parts/xilinx/artix7/IOStandards.xml
Loading device configuration modes from D:/Xilinx/14.7/ISE_DS/PlanAhead/data\parts/xilinx/artix7/ConfigModes.xml
Loading list of drcs for the architecture : D:/Xilinx/14.7/ISE_DS/PlanAhead/data\./parts/xilinx/artix7/drc.xml
Parsing UCF File [E:/ISE/Project_3/project3.ucf]
Finished Parsing UCF File [E:/ISE/Project_3/project3.ucf]
INFO: [Project 1-111] Unisim Transformation Summary:
No Unisim elements were transformed.

Phase 0 | Netlist Checksum: 213f3c5f
open_rtl_design: Time (s): elapsed = 00:00:14 . Memory (MB): peak = 825.711 ; gain = 387.484
update_compile_order -fileset sim_1
set_property iostandard LVCMOS18 [get_ports [list {Y[7]} {Y[6]} {Y[5]} {Y[4]} {Y[3]} {Y[2]} {Y[1]} {Y[0]}]]
set_property pulltype PULLDOWN [get_ports [list {Y[7]} {Y[6]} {Y[5]} {Y[4]} {Y[3]} {Y[2]} {Y[1]} {Y[0]}]]
startgroup
set_property package_pin T3 [get_ports {Y[7]}]
endgroup
startgroup
set_property package_pin U3 [get_ports {Y[6]}]
endgroup
startgroup
set_property package_pin T4 [get_ports {Y[5]}]
endgroup
startgroup
set_property package_pin V3 [get_ports {Y[4]}]
endgroup
startgroup
set_property package_pin V4 [get_ports {Y[3]}]
endgroup
startgroup
set_property package_pin W4 [get_ports {Y[2]}]
endgroup
startgroup
set_property package_pin Y4 [get_ports {Y[1]}]
endgroup
startgroup
set_property package_pin Y6 [get_ports {Y[0]}]
endgroup
startgroup
set_property package_pin W4 [get_ports {Y[2]}]
endgroup
startgroup
set_property package_pin R1 [get_ports {Y[7]}]
endgroup
startgroup
set_property package_pin P2 [get_ports {Y[6]}]
endgroup
startgroup
set_property package_pin P1 [get_ports {Y[5]}]
endgroup
startgroup
set_property package_pin N2 [get_ports {Y[4]}]
endgroup
startgroup
set_property package_pin M1 [get_ports {Y[3]}]
endgroup
startgroup
set_property package_pin M2 [get_ports {Y[2]}]
endgroup
startgroup
set_property package_pin L1 [get_ports {Y[1]}]
endgroup
startgroup
set_property package_pin J2 [get_ports {Y[0]}]
endgroup
startgroup
set_property package_pin T3 [get_ports A]
endgroup
startgroup
set_property package_pin U3 [get_ports B]
endgroup
startgroup
set_property package_pin T4 [get_ports C]
endgroup
startgroup
set_property package_pin V3 [get_ports G1]
endgroup
startgroup
set_property package_pin V4 [get_ports G2A]
endgroup
startgroup
set_property package_pin U3 [get_ports B]
endgroup
set_property package_pin "" [get_ports [list  G2B]]
startgroup
set_property package_pin W4 [get_ports G2B]
endgroup
save_constraints
exit
ERROR: [Common 17-39] 'stop_gui' failed due to earlier errors.
INFO: [Common 17-206] Exiting PlanAhead at Mon Nov 26 19:57:30 2018...
INFO: [Common 17-83] Releasing license: PlanAhead
