INFO:sim:172 - Generating IP...
Applying current project options...
Finished applying current project options.
WARNING:sim - A core named 'RAM_A' already exists in the project. Output
   products for this core may be overwritten.
Resolving generics for 'RAM_A'...
WARNING:sim - A core named 'RAM_A' already exists in the project. Output
   products for this core may be overwritten.
Applying external generics to 'RAM_A'...
Delivering associated files for 'RAM_A'...
Delivering EJava files for 'RAM_A'...
Generating implementation netlist for 'RAM_A'...
INFO:sim - Pre-processing HDL files for 'RAM_A'...
Running synthesis for 'RAM_A'
Running ngcbuild...
Writing VEO instantiation template for 'RAM_A'...
Writing Verilog behavioral simulation model for 'RAM_A'...
WARNING:sim - Overwriting existing file
   E:/ISE/Term_PC/CPU_R_I_J/ipcore_dir/tmp/_cg/RAM_A/doc/blk_mem_gen_v7_3_vinfo.
   html with file from view xilinx_documentation
Delivered 1 file into directory
E:/ISE/Term_PC/CPU_R_I_J/ipcore_dir/tmp/_cg/RAM_A
Generating ASY schematic symbol...
INFO:sim:949 - Finished generation of ASY schematic symbol.
Generating SYM schematic symbol for 'RAM_A'...
Generating metadata file...
Regenerating ISE project file for 'RAM_A'...
Generating ISE project...
XCO file found: RAM_A.xco
XMDF file found: RAM_A_xmdf.tcl
Adding E:/ISE/Term_PC/CPU_R_I_J/ipcore_dir/tmp/_cg/RAM_A.asy -view all
-origin_type imported
Adding E:/ISE/Term_PC/CPU_R_I_J/ipcore_dir/tmp/_cg/RAM_A.ngc -view all
-origin_type created
Checking file "E:/ISE/Term_PC/CPU_R_I_J/ipcore_dir/tmp/_cg/RAM_A.ngc" for
project device match ...
File "E:/ISE/Term_PC/CPU_R_I_J/ipcore_dir/tmp/_cg/RAM_A.ngc" device information
matches project device.
Adding E:/ISE/Term_PC/CPU_R_I_J/ipcore_dir/tmp/_cg/RAM_A.sym -view all
-origin_type imported
Adding E:/ISE/Term_PC/CPU_R_I_J/ipcore_dir/tmp/_cg/RAM_A.v -view all
-origin_type created
INFO:HDLCompiler:1845 - Analyzing Verilog file
   "E:/ISE/Term_PC/CPU_R_I_J/ipcore_dir/tmp/_cg/RAM_A.v" into library work
INFO:ProjectMgmt - Parsing design hierarchy completed successfully.
Adding E:/ISE/Term_PC/CPU_R_I_J/ipcore_dir/tmp/_cg/RAM_A.veo -view all
-origin_type imported
INFO:TclTasksC:2116 - The automatic calculation of top has been turned-off.
   Please set the new top explicitly by running the "project set top" command.
   To re-calculate the new top automatically, set the "Auto Implementation Top"
   property to true.
Top level has been set to "/RAM_A"
Generating README file...
Generating FLIST file...
INFO:sim:948 - Finished FLIST file generation.
Launching README viewer...
Moving files to output directory...
Finished moving files to output directory
Wrote CGP file for project 'RAM_A'.
