--------------------------------------------------------------------------------
Release 14.7 Trace  (nt64)
Copyright (c) 1995-2013 Xilinx, Inc.  All rights reserved.

D:\Xilinx\14.7\ISE_DS\ISE\bin\nt64\unwrapped\trce.exe -intstyle ise -v 3 -s 3
-n 3 -fastpaths -xml Demo_5.twx Demo_5.ncd -o Demo_5.twr Demo_5.pcf -ucf
Demo_5.ucf

Design file:              Demo_5.ncd
Physical constraint file: Demo_5.pcf
Device,package,speed:     xc7a100t,fgg484,C,-3 (PRODUCTION 1.10 2013-10-13)
Report level:             verbose report

Environment Variable      Effect 
--------------------      ------ 
NONE                      No environment variables were set
--------------------------------------------------------------------------------

INFO:Timing:2698 - No timing constraints found, doing default enumeration.
INFO:Timing:3412 - To improve timing, see the Timing Closure User Guide (UG612).
INFO:Timing:2752 - To get complete path coverage, use the unconstrained paths 
   option. All paths that are not constrained will be reported in the 
   unconstrained paths section(s) of the report.
INFO:Timing:3339 - The clock-to-out numbers in this timing report are based on 
   a 50 Ohm transmission line loading model.  For the details of this model, 
   and for more information on accounting for different loading conditions, 
   please see the device datasheet.



Data Sheet report:
-----------------
All values displayed in nanoseconds (ns)

Pad to Pad
---------------+---------------+---------+
Source Pad     |Destination Pad|  Delay  |
---------------+---------------+---------+
A<0>           |Y<0>           |    6.249|
A<0>           |Y<1>           |    6.398|
A<0>           |Y<2>           |    6.364|
A<1>           |Y<0>           |    6.550|
A<1>           |Y<1>           |    6.699|
A<1>           |Y<2>           |    6.665|
A<2>           |Y<0>           |    5.665|
A<2>           |Y<1>           |    5.818|
A<2>           |Y<2>           |    5.780|
A<3>           |Y<0>           |    6.258|
A<3>           |Y<1>           |    6.108|
A<3>           |Y<2>           |    6.371|
B<0>           |Y<0>           |    6.764|
B<0>           |Y<1>           |    6.913|
B<0>           |Y<2>           |    6.879|
B<1>           |Y<0>           |    6.601|
B<1>           |Y<1>           |    6.750|
B<1>           |Y<2>           |    6.716|
B<2>           |Y<0>           |    6.116|
B<2>           |Y<1>           |    5.915|
B<2>           |Y<2>           |    6.234|
B<3>           |Y<0>           |    6.251|
B<3>           |Y<1>           |    5.844|
B<3>           |Y<2>           |    6.363|
---------------+---------------+---------+


Analysis completed Sun Dec 09 13:19:23 2018 
--------------------------------------------------------------------------------

Trace Settings:
-------------------------
Trace Settings 

Peak Memory Usage: 4998 MB



