Release 14.7 - ngc2edif P.20131013 (nt)
Copyright (c) 1995-2013 Xilinx, Inc.  All rights reserved.
Reading design Demo_4.ngc ...
WARNING:NetListWriters:298 - No output is written to Demo_4.xncf, ignored.
Processing design ...
   Preping design's networks ...
   Preping design's macros ...
  finished :Prep
Writing EDIF netlist file Demo_4.edif ...
ngc2edif: Total memory usage is 84208 kilobytes

Release 14.7 - ngc2edif P.20131013 (nt)
Copyright (c) 1995-2013 Xilinx, Inc.  All rights reserved.
Reading design Demo_4.ngc ...
WARNING:NetListWriters:298 - No output is written to Demo_4.xncf, ignored.
Processing design ...
   Preping design's networks ...
   Preping design's macros ...
  finished :Prep
Writing EDIF netlist file Demo_4.edif ...
ngc2edif: Total memory usage is 84080 kilobytes

