#-----------------------------------------------------------
# PlanAhead v14.7
# Build 321239 by xbuild on Fri Sep 27 19:31:35 MDT 2013
# Start of session at: Wed Dec 19 09:06:33 2018
# Process ID: 2340
# Log file: E:/ISE/Project_jicunqidui/planAhead_run_2/planAhead.log
# Journal file: E:/ISE/Project_jicunqidui/planAhead_run_2/planAhead.jou
#-----------------------------------------------------------
INFO: [Common 17-78] Attempting to get a license: PlanAhead
INFO: [Common 17-290] Got license for PlanAhead
INFO: [Device 21-36] Loading parts and site information from D:/Xilinx/14.7/ISE_DS/PlanAhead/data/parts/arch.xml
Parsing RTL primitives file [D:/Xilinx/14.7/ISE_DS/PlanAhead/data/parts/xilinx/rtl/prims/rtl_prims.xml]
Finished parsing RTL primitives file [D:/Xilinx/14.7/ISE_DS/PlanAhead/data/parts/xilinx/rtl/prims/rtl_prims.xml]
start_gui
source E:/ISE/Project_jicunqidui/pa.fromNetlist.tcl
# create_project -name Project_jicunqidui -dir "E:/ISE/Project_jicunqidui/planAhead_run_2" -part xc7a100tfgg484-3
# set_property design_mode GateLvl [get_property srcset [current_run -impl]]
# set_property edif_top_file "E:/ISE/Project_jicunqidui/jicunqi.ngc" [ get_property srcset [ current_run ] ]
# add_files -norecurse { {E:/ISE/Project_jicunqidui} }
# set_param project.pinAheadLayout  yes
# set_property target_constrs_file "jicunqi.ucf" [current_fileset -constrset]
Adding file 'E:/ISE/Project_jicunqidui/jicunqi.ucf' to fileset 'constrs_1'
# add_files [list {jicunqi.ucf}] -fileset [get_property constrset [current_run]]
# link_design
Design is defaulting to srcset: sources_1
Design is defaulting to constrset: constrs_1
Design is defaulting to project part: xc7a100tfgg484-3
Release 14.7 - ngc2edif P.20131013 (nt)
Copyright (c) 1995-2013 Xilinx, Inc.  All rights reserved.

Release 14.7 - ngc2edif P.20131013 (nt)
Copyright (c) 1995-2013 Xilinx, Inc.  All rights reserved.
Reading design jicunqi.ngc ...
WARNING:NetListWriters:298 - No output is written to jicunqi.xncf, ignored.
Processing design ...
   Preping design's networks ...
   Preping design's macros ...
  finished :Prep
Writing EDIF netlist file jicunqi.edif ...
ngc2edif: Total memory usage is 83824 kilobytes

Parsing EDIF File [./planAhead_run_2/Project_jicunqidui.data/cache/jicunqi_ngc_zx.edif]
Finished Parsing EDIF File [./planAhead_run_2/Project_jicunqidui.data/cache/jicunqi_ngc_zx.edif]
INFO: [Netlist 29-17] Analyzing 43 Unisim elements for replacement
INFO: [Netlist 29-28] Unisim Transformation completed in 0 CPU seconds
Loading clock regions from D:/Xilinx/14.7/ISE_DS/PlanAhead/data\parts/xilinx/artix7/artix7/xc7a100t/ClockRegion.xml
Loading clock buffers from D:/Xilinx/14.7/ISE_DS/PlanAhead/data\parts/xilinx/artix7/artix7/xc7a100t/ClockBuffers.xml
Loading clock placement rules from D:/Xilinx/14.7/ISE_DS/PlanAhead/data/parts/xilinx/artix7/ClockPlacerRules.xml
Loading package pin functions from D:/Xilinx/14.7/ISE_DS/PlanAhead/data\parts/xilinx/artix7/PinFunctions.xml...
Loading package from D:/Xilinx/14.7/ISE_DS/PlanAhead/data\parts/xilinx/artix7/artix7/xc7a100t/fgg484/Package.xml
Loading io standards from D:/Xilinx/14.7/ISE_DS/PlanAhead/data\./parts/xilinx/artix7/IOStandards.xml
Loading device configuration modes from D:/Xilinx/14.7/ISE_DS/PlanAhead/data\parts/xilinx/artix7/ConfigModes.xml
Loading list of drcs for the architecture : D:/Xilinx/14.7/ISE_DS/PlanAhead/data\./parts/xilinx/artix7/drc.xml
INFO: [Common 17-41] Interrupt caught. Command should exit soon.
Parsing UCF File [E:/ISE/Project_jicunqidui/jicunqi.ucf]
Finished Parsing UCF File [E:/ISE/Project_jicunqidui/jicunqi.ucf]
link_design: Time (s): elapsed = 00:00:11 . Memory (MB): peak = 614.145 ; gain = 163.586
INFO: [Common 17-344] 'link_design' was cancelled
INFO: [Common 17-344] 'source' was cancelled
exit
ERROR: [PlanAhead 12-106] *** Exception: ui.h.b: Found deleted key in HTclEventBroker. Verify if the classes listed here call cleanup()
HTclEvent: DEBUG_PORT_CONFIG_CHANGE   Classes: ui.views.aR 
HTclEvent: SIGNAL_MODIFY   Classes: ui.views.aR 
HTclEvent: DEBUG_CORE_CONFIG_CHANGE   Classes: ui.views.aR 
HTclEvent: SIGNAL_BUS_MODIFY   Classes: ui.views.aR 
 (See E:/ISE/Project_jicunqidui\planAhead_pid2340.debug)
ERROR: [Common 17-39] 'stop_gui' failed due to earlier errors.
INFO: [Common 17-206] Exiting PlanAhead at Wed Dec 19 09:07:12 2018...
INFO: [Common 17-83] Releasing license: PlanAhead
