--------------------------------------------------------------------------------
Release 14.7 Trace  (nt64)
Copyright (c) 1995-2013 Xilinx, Inc.  All rights reserved.

D:\Xilinx\14.7\ISE_DS\ISE\bin\nt64\unwrapped\trce.exe -intstyle ise -v 3 -s 3
-n 3 -fastpaths -xml jicunqi.twx jicunqi.ncd -o jicunqi.twr jicunqi.pcf -ucf
jicunqi.ucf

Design file:              jicunqi.ncd
Physical constraint file: jicunqi.pcf
Device,package,speed:     xc7a100t,fgg484,C,-3 (PRODUCTION 1.10 2013-10-13)
Report level:             verbose report

Environment Variable      Effect 
--------------------      ------ 
NONE                      No environment variables were set
--------------------------------------------------------------------------------

INFO:Timing:2698 - No timing constraints found, doing default enumeration.
INFO:Timing:3412 - To improve timing, see the Timing Closure User Guide (UG612).
INFO:Timing:2752 - To get complete path coverage, use the unconstrained paths 
   option. All paths that are not constrained will be reported in the 
   unconstrained paths section(s) of the report.
INFO:Timing:3339 - The clock-to-out numbers in this timing report are based on 
   a 50 Ohm transmission line loading model.  For the details of this model, 
   and for more information on accounting for different loading conditions, 
   please see the device datasheet.



Data Sheet report:
-----------------
All values displayed in nanoseconds (ns)

Setup/Hold to clock addr<0>
------------+------------+------------+------------+------------+------------------------+--------+
            |Max Setup to|  Process   |Max Hold to |  Process   |                        | Clock  |
Source      | clk (edge) |   Corner   | clk (edge) |   Corner   |Internal Clock(s)       | Phase  |
------------+------------+------------+------------+------------+------------------------+--------+
in<0>       |    0.069(F)|      FAST  |    0.908(F)|      SLOW  |GND_1_o_GND_1_o_AND_10_o|   0.000|
            |   -0.070(F)|      FAST  |    1.256(F)|      SLOW  |GND_1_o_GND_1_o_AND_18_o|   0.000|
            |    0.019(F)|      FAST  |    1.097(F)|      SLOW  |GND_1_o_GND_1_o_AND_26_o|   0.000|
            |   -0.011(F)|      FAST  |    1.024(F)|      SLOW  |GND_1_o_GND_1_o_AND_2_o |   0.000|
            |    0.317(F)|      SLOW  |    0.467(F)|      SLOW  |GND_1_o_GND_1_o_AND_34_o|   0.000|
            |    0.300(F)|      FAST  |    0.522(F)|      SLOW  |GND_1_o_GND_1_o_AND_42_o|   0.000|
            |    0.070(F)|      FAST  |    0.912(F)|      SLOW  |GND_1_o_GND_1_o_AND_50_o|   0.000|
            |   -0.129(F)|      FAST  |    1.287(F)|      SLOW  |GND_1_o_GND_1_o_AND_58_o|   0.000|
in<1>       |   -0.039(F)|      FAST  |    1.030(F)|      SLOW  |GND_1_o_GND_1_o_AND_10_o|   0.000|
            |   -0.125(F)|      FAST  |    1.342(F)|      SLOW  |GND_1_o_GND_1_o_AND_18_o|   0.000|
            |   -0.111(F)|      FAST  |    1.295(F)|      SLOW  |GND_1_o_GND_1_o_AND_26_o|   0.000|
            |   -0.008(F)|      FAST  |    1.021(F)|      SLOW  |GND_1_o_GND_1_o_AND_2_o |   0.000|
            |    0.143(F)|      FAST  |    0.658(F)|      SLOW  |GND_1_o_GND_1_o_AND_34_o|   0.000|
            |    0.272(F)|      FAST  |    0.540(F)|      SLOW  |GND_1_o_GND_1_o_AND_42_o|   0.000|
            |   -0.030(F)|      FAST  |    1.034(F)|      SLOW  |GND_1_o_GND_1_o_AND_50_o|   0.000|
            |   -0.097(F)|      FAST  |    1.205(F)|      SLOW  |GND_1_o_GND_1_o_AND_58_o|   0.000|
in<2>       |    0.152(F)|      FAST  |    0.759(F)|      SLOW  |GND_1_o_GND_1_o_AND_10_o|   0.000|
            |    0.245(F)|      FAST  |    0.846(F)|      SLOW  |GND_1_o_GND_1_o_AND_18_o|   0.000|
            |    0.031(F)|      FAST  |    1.086(F)|      SLOW  |GND_1_o_GND_1_o_AND_26_o|   0.000|
            |    0.074(F)|      FAST  |    0.914(F)|      SLOW  |GND_1_o_GND_1_o_AND_2_o |   0.000|
            |    0.409(F)|      SLOW  |    0.399(F)|      SLOW  |GND_1_o_GND_1_o_AND_34_o|   0.000|
            |    0.377(F)|      SLOW  |    0.442(F)|      SLOW  |GND_1_o_GND_1_o_AND_42_o|   0.000|
            |    0.163(F)|      FAST  |    0.738(F)|      SLOW  |GND_1_o_GND_1_o_AND_50_o|   0.000|
            |   -0.041(F)|      FAST  |    1.133(F)|      SLOW  |GND_1_o_GND_1_o_AND_58_o|   0.000|
in<3>       |   -0.079(F)|      FAST  |    1.101(F)|      SLOW  |GND_1_o_GND_1_o_AND_10_o|   0.000|
            |   -0.259(F)|      FAST  |    1.473(F)|      SLOW  |GND_1_o_GND_1_o_AND_18_o|   0.000|
            |   -0.198(F)|      FAST  |    1.385(F)|      SLOW  |GND_1_o_GND_1_o_AND_26_o|   0.000|
            |   -0.158(F)|      FAST  |    1.215(F)|      SLOW  |GND_1_o_GND_1_o_AND_2_o |   0.000|
            |    0.145(F)|      FAST  |    0.647(F)|      SLOW  |GND_1_o_GND_1_o_AND_34_o|   0.000|
            |    0.034(F)|      FAST  |    0.839(F)|      SLOW  |GND_1_o_GND_1_o_AND_42_o|   0.000|
            |   -0.079(F)|      FAST  |    1.106(F)|      SLOW  |GND_1_o_GND_1_o_AND_50_o|   0.000|
            |   -0.275(F)|      FAST  |    1.478(F)|      SLOW  |GND_1_o_GND_1_o_AND_58_o|   0.000|
------------+------------+------------+------------+------------+------------------------+--------+

Setup/Hold to clock addr<1>
------------+------------+------------+------------+------------+------------------------+--------+
            |Max Setup to|  Process   |Max Hold to |  Process   |                        | Clock  |
Source      | clk (edge) |   Corner   | clk (edge) |   Corner   |Internal Clock(s)       | Phase  |
------------+------------+------------+------------+------------+------------------------+--------+
in<0>       |   -0.158(F)|      FAST  |    1.262(F)|      SLOW  |GND_1_o_GND_1_o_AND_10_o|   0.000|
            |   -0.297(F)|      FAST  |    1.622(F)|      SLOW  |GND_1_o_GND_1_o_AND_18_o|   0.000|
            |   -0.243(F)|      FAST  |    1.489(F)|      SLOW  |GND_1_o_GND_1_o_AND_26_o|   0.000|
            |   -0.271(F)|      FAST  |    1.403(F)|      SLOW  |GND_1_o_GND_1_o_AND_2_o |   0.000|
            |   -0.182(F)|      FAST  |    1.347(F)|      SLOW  |GND_1_o_GND_1_o_AND_34_o|   0.000|
            |   -0.165(F)|      FAST  |    1.394(F)|      SLOW  |GND_1_o_GND_1_o_AND_42_o|   0.000|
            |   -0.240(F)|      FAST  |    1.451(F)|      SLOW  |GND_1_o_GND_1_o_AND_50_o|   0.000|
            |   -0.439(F)|      FAST  |    1.822(F)|      SLOW  |GND_1_o_GND_1_o_AND_58_o|   0.000|
in<1>       |   -0.266(F)|      FAST  |    1.384(F)|      SLOW  |GND_1_o_GND_1_o_AND_10_o|   0.000|
            |   -0.352(F)|      FAST  |    1.708(F)|      SLOW  |GND_1_o_GND_1_o_AND_18_o|   0.000|
            |   -0.373(F)|      FAST  |    1.687(F)|      SLOW  |GND_1_o_GND_1_o_AND_26_o|   0.000|
            |   -0.268(F)|      FAST  |    1.400(F)|      SLOW  |GND_1_o_GND_1_o_AND_2_o |   0.000|
            |   -0.326(F)|      FAST  |    1.538(F)|      SLOW  |GND_1_o_GND_1_o_AND_34_o|   0.000|
            |   -0.193(F)|      FAST  |    1.412(F)|      SLOW  |GND_1_o_GND_1_o_AND_42_o|   0.000|
            |   -0.340(F)|      FAST  |    1.573(F)|      SLOW  |GND_1_o_GND_1_o_AND_50_o|   0.000|
            |   -0.407(F)|      FAST  |    1.740(F)|      SLOW  |GND_1_o_GND_1_o_AND_58_o|   0.000|
in<2>       |   -0.075(F)|      FAST  |    1.113(F)|      SLOW  |GND_1_o_GND_1_o_AND_10_o|   0.000|
            |    0.018(F)|      FAST  |    1.212(F)|      SLOW  |GND_1_o_GND_1_o_AND_18_o|   0.000|
            |   -0.231(F)|      FAST  |    1.478(F)|      SLOW  |GND_1_o_GND_1_o_AND_26_o|   0.000|
            |   -0.186(F)|      FAST  |    1.293(F)|      SLOW  |GND_1_o_GND_1_o_AND_2_o |   0.000|
            |   -0.136(F)|      FAST  |    1.279(F)|      SLOW  |GND_1_o_GND_1_o_AND_34_o|   0.000|
            |   -0.134(F)|      FAST  |    1.314(F)|      SLOW  |GND_1_o_GND_1_o_AND_42_o|   0.000|
            |   -0.147(F)|      FAST  |    1.277(F)|      SLOW  |GND_1_o_GND_1_o_AND_50_o|   0.000|
            |   -0.351(F)|      FAST  |    1.668(F)|      SLOW  |GND_1_o_GND_1_o_AND_58_o|   0.000|
in<3>       |   -0.306(F)|      FAST  |    1.455(F)|      SLOW  |GND_1_o_GND_1_o_AND_10_o|   0.000|
            |   -0.486(F)|      FAST  |    1.839(F)|      SLOW  |GND_1_o_GND_1_o_AND_18_o|   0.000|
            |   -0.460(F)|      FAST  |    1.777(F)|      SLOW  |GND_1_o_GND_1_o_AND_26_o|   0.000|
            |   -0.418(F)|      FAST  |    1.594(F)|      SLOW  |GND_1_o_GND_1_o_AND_2_o |   0.000|
            |   -0.324(F)|      FAST  |    1.527(F)|      SLOW  |GND_1_o_GND_1_o_AND_34_o|   0.000|
            |   -0.431(F)|      FAST  |    1.711(F)|      SLOW  |GND_1_o_GND_1_o_AND_42_o|   0.000|
            |   -0.389(F)|      FAST  |    1.645(F)|      SLOW  |GND_1_o_GND_1_o_AND_50_o|   0.000|
            |   -0.585(F)|      FAST  |    2.013(F)|      SLOW  |GND_1_o_GND_1_o_AND_58_o|   0.000|
------------+------------+------------+------------+------------+------------------------+--------+

Setup/Hold to clock addr<2>
------------+------------+------------+------------+------------+------------------------+--------+
            |Max Setup to|  Process   |Max Hold to |  Process   |                        | Clock  |
Source      | clk (edge) |   Corner   | clk (edge) |   Corner   |Internal Clock(s)       | Phase  |
------------+------------+------------+------------+------------+------------------------+--------+
in<0>       |   -0.155(F)|      FAST  |    1.410(F)|      SLOW  |GND_1_o_GND_1_o_AND_10_o|   0.000|
            |   -0.292(F)|      FAST  |    1.754(F)|      SLOW  |GND_1_o_GND_1_o_AND_18_o|   0.000|
            |   -0.262(F)|      FAST  |    1.554(F)|      SLOW  |GND_1_o_GND_1_o_AND_26_o|   0.000|
            |   -0.289(F)|      FAST  |    1.479(F)|      SLOW  |GND_1_o_GND_1_o_AND_2_o |   0.000|
            |   -0.210(F)|      FAST  |    1.461(F)|      SLOW  |GND_1_o_GND_1_o_AND_34_o|   0.000|
            |   -0.193(F)|      FAST  |    1.512(F)|      SLOW  |GND_1_o_GND_1_o_AND_42_o|   0.000|
            |   -0.243(F)|      FAST  |    1.508(F)|      SLOW  |GND_1_o_GND_1_o_AND_50_o|   0.000|
            |   -0.440(F)|      FAST  |    1.893(F)|      SLOW  |GND_1_o_GND_1_o_AND_58_o|   0.000|
in<1>       |   -0.263(F)|      FAST  |    1.532(F)|      SLOW  |GND_1_o_GND_1_o_AND_10_o|   0.000|
            |   -0.347(F)|      FAST  |    1.840(F)|      SLOW  |GND_1_o_GND_1_o_AND_18_o|   0.000|
            |   -0.392(F)|      FAST  |    1.752(F)|      SLOW  |GND_1_o_GND_1_o_AND_26_o|   0.000|
            |   -0.286(F)|      FAST  |    1.476(F)|      SLOW  |GND_1_o_GND_1_o_AND_2_o |   0.000|
            |   -0.354(F)|      FAST  |    1.652(F)|      SLOW  |GND_1_o_GND_1_o_AND_34_o|   0.000|
            |   -0.221(F)|      FAST  |    1.530(F)|      SLOW  |GND_1_o_GND_1_o_AND_42_o|   0.000|
            |   -0.343(F)|      FAST  |    1.630(F)|      SLOW  |GND_1_o_GND_1_o_AND_50_o|   0.000|
            |   -0.408(F)|      FAST  |    1.811(F)|      SLOW  |GND_1_o_GND_1_o_AND_58_o|   0.000|
in<2>       |   -0.072(F)|      FAST  |    1.261(F)|      SLOW  |GND_1_o_GND_1_o_AND_10_o|   0.000|
            |    0.023(F)|      FAST  |    1.344(F)|      SLOW  |GND_1_o_GND_1_o_AND_18_o|   0.000|
            |   -0.250(F)|      FAST  |    1.543(F)|      SLOW  |GND_1_o_GND_1_o_AND_26_o|   0.000|
            |   -0.204(F)|      FAST  |    1.369(F)|      SLOW  |GND_1_o_GND_1_o_AND_2_o |   0.000|
            |   -0.164(F)|      FAST  |    1.393(F)|      SLOW  |GND_1_o_GND_1_o_AND_34_o|   0.000|
            |   -0.162(F)|      FAST  |    1.432(F)|      SLOW  |GND_1_o_GND_1_o_AND_42_o|   0.000|
            |   -0.150(F)|      FAST  |    1.334(F)|      SLOW  |GND_1_o_GND_1_o_AND_50_o|   0.000|
            |   -0.352(F)|      FAST  |    1.739(F)|      SLOW  |GND_1_o_GND_1_o_AND_58_o|   0.000|
in<3>       |   -0.303(F)|      FAST  |    1.603(F)|      SLOW  |GND_1_o_GND_1_o_AND_10_o|   0.000|
            |   -0.481(F)|      FAST  |    1.971(F)|      SLOW  |GND_1_o_GND_1_o_AND_18_o|   0.000|
            |   -0.479(F)|      FAST  |    1.842(F)|      SLOW  |GND_1_o_GND_1_o_AND_26_o|   0.000|
            |   -0.436(F)|      FAST  |    1.670(F)|      SLOW  |GND_1_o_GND_1_o_AND_2_o |   0.000|
            |   -0.352(F)|      FAST  |    1.641(F)|      SLOW  |GND_1_o_GND_1_o_AND_34_o|   0.000|
            |   -0.459(F)|      FAST  |    1.829(F)|      SLOW  |GND_1_o_GND_1_o_AND_42_o|   0.000|
            |   -0.392(F)|      FAST  |    1.702(F)|      SLOW  |GND_1_o_GND_1_o_AND_50_o|   0.000|
            |   -0.586(F)|      FAST  |    2.084(F)|      SLOW  |GND_1_o_GND_1_o_AND_58_o|   0.000|
------------+------------+------------+------------+------------+------------------------+--------+

Setup/Hold to clock read
------------+------------+------------+------------+------------+------------------------+--------+
            |Max Setup to|  Process   |Max Hold to |  Process   |                        | Clock  |
Source      | clk (edge) |   Corner   | clk (edge) |   Corner   |Internal Clock(s)       | Phase  |
------------+------------+------------+------------+------------+------------------------+--------+
in<0>       |    0.081(F)|      FAST  |    0.911(F)|      SLOW  |GND_1_o_GND_1_o_AND_10_o|   0.000|
            |   -0.056(F)|      FAST  |    1.269(F)|      SLOW  |GND_1_o_GND_1_o_AND_18_o|   0.000|
            |   -0.001(F)|      FAST  |    1.139(F)|      SLOW  |GND_1_o_GND_1_o_AND_26_o|   0.000|
            |   -0.033(F)|      FAST  |    1.053(F)|      SLOW  |GND_1_o_GND_1_o_AND_2_o |   0.000|
            |   -0.070(F)|      FAST  |    1.155(F)|      SLOW  |GND_1_o_GND_1_o_AND_34_o|   0.000|
            |   -0.051(F)|      FAST  |    1.216(F)|      SLOW  |GND_1_o_GND_1_o_AND_42_o|   0.000|
            |    0.159(F)|      FAST  |    0.737(F)|      SLOW  |GND_1_o_GND_1_o_AND_50_o|   0.000|
            |   -0.044(F)|      FAST  |    1.116(F)|      SLOW  |GND_1_o_GND_1_o_AND_58_o|   0.000|
in<1>       |   -0.027(F)|      FAST  |    1.033(F)|      SLOW  |GND_1_o_GND_1_o_AND_10_o|   0.000|
            |   -0.111(F)|      FAST  |    1.355(F)|      SLOW  |GND_1_o_GND_1_o_AND_18_o|   0.000|
            |   -0.131(F)|      FAST  |    1.337(F)|      SLOW  |GND_1_o_GND_1_o_AND_26_o|   0.000|
            |   -0.030(F)|      FAST  |    1.050(F)|      SLOW  |GND_1_o_GND_1_o_AND_2_o |   0.000|
            |   -0.214(F)|      FAST  |    1.346(F)|      SLOW  |GND_1_o_GND_1_o_AND_34_o|   0.000|
            |   -0.079(F)|      FAST  |    1.234(F)|      SLOW  |GND_1_o_GND_1_o_AND_42_o|   0.000|
            |    0.059(F)|      FAST  |    0.859(F)|      SLOW  |GND_1_o_GND_1_o_AND_50_o|   0.000|
            |   -0.012(F)|      FAST  |    1.034(F)|      SLOW  |GND_1_o_GND_1_o_AND_58_o|   0.000|
in<2>       |    0.164(F)|      FAST  |    0.762(F)|      SLOW  |GND_1_o_GND_1_o_AND_10_o|   0.000|
            |    0.259(F)|      FAST  |    0.859(F)|      SLOW  |GND_1_o_GND_1_o_AND_18_o|   0.000|
            |    0.011(F)|      FAST  |    1.128(F)|      SLOW  |GND_1_o_GND_1_o_AND_26_o|   0.000|
            |    0.052(F)|      FAST  |    0.943(F)|      SLOW  |GND_1_o_GND_1_o_AND_2_o |   0.000|
            |   -0.024(F)|      FAST  |    1.087(F)|      SLOW  |GND_1_o_GND_1_o_AND_34_o|   0.000|
            |   -0.020(F)|      FAST  |    1.136(F)|      SLOW  |GND_1_o_GND_1_o_AND_42_o|   0.000|
            |    0.304(F)|      SLOW  |    0.563(F)|      SLOW  |GND_1_o_GND_1_o_AND_50_o|   0.000|
            |    0.044(F)|      FAST  |    0.962(F)|      SLOW  |GND_1_o_GND_1_o_AND_58_o|   0.000|
in<3>       |   -0.067(F)|      FAST  |    1.104(F)|      SLOW  |GND_1_o_GND_1_o_AND_10_o|   0.000|
            |   -0.245(F)|      FAST  |    1.486(F)|      SLOW  |GND_1_o_GND_1_o_AND_18_o|   0.000|
            |   -0.218(F)|      FAST  |    1.427(F)|      SLOW  |GND_1_o_GND_1_o_AND_26_o|   0.000|
            |   -0.180(F)|      FAST  |    1.244(F)|      SLOW  |GND_1_o_GND_1_o_AND_2_o |   0.000|
            |   -0.212(F)|      FAST  |    1.335(F)|      SLOW  |GND_1_o_GND_1_o_AND_34_o|   0.000|
            |   -0.317(F)|      FAST  |    1.533(F)|      SLOW  |GND_1_o_GND_1_o_AND_42_o|   0.000|
            |    0.010(F)|      FAST  |    0.931(F)|      SLOW  |GND_1_o_GND_1_o_AND_50_o|   0.000|
            |   -0.190(F)|      FAST  |    1.307(F)|      SLOW  |GND_1_o_GND_1_o_AND_58_o|   0.000|
------------+------------+------------+------------+------------+------------------------+--------+

Setup/Hold to clock write
------------+------------+------------+------------+------------+------------------------+--------+
            |Max Setup to|  Process   |Max Hold to |  Process   |                        | Clock  |
Source      | clk (edge) |   Corner   | clk (edge) |   Corner   |Internal Clock(s)       | Phase  |
------------+------------+------------+------------+------------+------------------------+--------+
in<0>       |   -0.007(F)|      FAST  |    1.017(F)|      SLOW  |GND_1_o_GND_1_o_AND_10_o|   0.000|
            |   -0.150(F)|      FAST  |    1.369(F)|      SLOW  |GND_1_o_GND_1_o_AND_18_o|   0.000|
            |   -0.223(F)|      FAST  |    1.528(F)|      SLOW  |GND_1_o_GND_1_o_AND_26_o|   0.000|
            |   -0.254(F)|      FAST  |    1.457(F)|      SLOW  |GND_1_o_GND_1_o_AND_2_o |   0.000|
            |   -0.073(F)|      FAST  |    1.151(F)|      SLOW  |GND_1_o_GND_1_o_AND_34_o|   0.000|
            |   -0.058(F)|      FAST  |    1.214(F)|      SLOW  |GND_1_o_GND_1_o_AND_42_o|   0.000|
            |   -0.057(F)|      FAST  |    1.142(F)|      SLOW  |GND_1_o_GND_1_o_AND_50_o|   0.000|
            |   -0.258(F)|      FAST  |    1.529(F)|      SLOW  |GND_1_o_GND_1_o_AND_58_o|   0.000|
in<1>       |   -0.115(F)|      FAST  |    1.139(F)|      SLOW  |GND_1_o_GND_1_o_AND_10_o|   0.000|
            |   -0.205(F)|      FAST  |    1.455(F)|      SLOW  |GND_1_o_GND_1_o_AND_18_o|   0.000|
            |   -0.353(F)|      FAST  |    1.726(F)|      SLOW  |GND_1_o_GND_1_o_AND_26_o|   0.000|
            |   -0.251(F)|      FAST  |    1.454(F)|      SLOW  |GND_1_o_GND_1_o_AND_2_o |   0.000|
            |   -0.217(F)|      FAST  |    1.342(F)|      SLOW  |GND_1_o_GND_1_o_AND_34_o|   0.000|
            |   -0.086(F)|      FAST  |    1.232(F)|      SLOW  |GND_1_o_GND_1_o_AND_42_o|   0.000|
            |   -0.157(F)|      FAST  |    1.264(F)|      SLOW  |GND_1_o_GND_1_o_AND_50_o|   0.000|
            |   -0.226(F)|      FAST  |    1.447(F)|      SLOW  |GND_1_o_GND_1_o_AND_58_o|   0.000|
in<2>       |    0.076(F)|      FAST  |    0.868(F)|      SLOW  |GND_1_o_GND_1_o_AND_10_o|   0.000|
            |    0.165(F)|      FAST  |    0.959(F)|      SLOW  |GND_1_o_GND_1_o_AND_18_o|   0.000|
            |   -0.211(F)|      FAST  |    1.517(F)|      SLOW  |GND_1_o_GND_1_o_AND_26_o|   0.000|
            |   -0.169(F)|      FAST  |    1.347(F)|      SLOW  |GND_1_o_GND_1_o_AND_2_o |   0.000|
            |   -0.027(F)|      FAST  |    1.083(F)|      SLOW  |GND_1_o_GND_1_o_AND_34_o|   0.000|
            |   -0.027(F)|      FAST  |    1.134(F)|      SLOW  |GND_1_o_GND_1_o_AND_42_o|   0.000|
            |    0.036(F)|      FAST  |    0.968(F)|      SLOW  |GND_1_o_GND_1_o_AND_50_o|   0.000|
            |   -0.170(F)|      FAST  |    1.375(F)|      SLOW  |GND_1_o_GND_1_o_AND_58_o|   0.000|
in<3>       |   -0.155(F)|      FAST  |    1.210(F)|      SLOW  |GND_1_o_GND_1_o_AND_10_o|   0.000|
            |   -0.339(F)|      FAST  |    1.586(F)|      SLOW  |GND_1_o_GND_1_o_AND_18_o|   0.000|
            |   -0.440(F)|      FAST  |    1.816(F)|      SLOW  |GND_1_o_GND_1_o_AND_26_o|   0.000|
            |   -0.401(F)|      FAST  |    1.648(F)|      SLOW  |GND_1_o_GND_1_o_AND_2_o |   0.000|
            |   -0.215(F)|      FAST  |    1.331(F)|      SLOW  |GND_1_o_GND_1_o_AND_34_o|   0.000|
            |   -0.324(F)|      FAST  |    1.531(F)|      SLOW  |GND_1_o_GND_1_o_AND_42_o|   0.000|
            |   -0.206(F)|      FAST  |    1.336(F)|      SLOW  |GND_1_o_GND_1_o_AND_50_o|   0.000|
            |   -0.404(F)|      FAST  |    1.720(F)|      SLOW  |GND_1_o_GND_1_o_AND_58_o|   0.000|
------------+------------+------------+------------+------------+------------------------+--------+

Clock addr<0> to Pad
------------+-----------------+------------+-----------------+------------+------------------------+--------+
            |Max (slowest) clk|  Process   |Min (fastest) clk|  Process   |                        | Clock  |
Destination |  (edge) to PAD  |   Corner   |  (edge) to PAD  |   Corner   |Internal Clock(s)       | Phase  |
------------+-----------------+------------+-----------------+------------+------------------------+--------+
out<0>      |         8.701(F)|      SLOW  |         3.768(F)|      FAST  |GND_1_o_addr[2]_AND_71_o|   0.000|
out<1>      |         8.694(F)|      SLOW  |         3.974(F)|      FAST  |GND_1_o_addr[2]_AND_69_o|   0.000|
out<2>      |         8.619(F)|      SLOW  |         3.863(F)|      FAST  |GND_1_o_addr[2]_AND_67_o|   0.000|
out<3>      |         9.048(F)|      SLOW  |         4.173(F)|      FAST  |GND_1_o_addr[2]_AND_65_o|   0.000|
------------+-----------------+------------+-----------------+------------+------------------------+--------+

Clock addr<1> to Pad
------------+-----------------+------------+-----------------+------------+------------------------+--------+
            |Max (slowest) clk|  Process   |Min (fastest) clk|  Process   |                        | Clock  |
Destination |  (edge) to PAD  |   Corner   |  (edge) to PAD  |   Corner   |Internal Clock(s)       | Phase  |
------------+-----------------+------------+-----------------+------------+------------------------+--------+
out<0>      |         9.265(F)|      SLOW  |         4.268(F)|      FAST  |GND_1_o_addr[2]_AND_71_o|   0.000|
out<1>      |         9.136(F)|      SLOW  |         4.222(F)|      FAST  |GND_1_o_addr[2]_AND_69_o|   0.000|
out<2>      |         8.901(F)|      SLOW  |         4.090(F)|      FAST  |GND_1_o_addr[2]_AND_67_o|   0.000|
out<3>      |         9.387(F)|      SLOW  |         4.400(F)|      FAST  |GND_1_o_addr[2]_AND_65_o|   0.000|
------------+-----------------+------------+-----------------+------------+------------------------+--------+

Clock addr<2> to Pad
------------+-----------------+------------+-----------------+------------+------------------------+--------+
            |Max (slowest) clk|  Process   |Min (fastest) clk|  Process   |                        | Clock  |
Destination |  (edge) to PAD  |   Corner   |  (edge) to PAD  |   Corner   |Internal Clock(s)       | Phase  |
------------+-----------------+------------+-----------------+------------+------------------------+--------+
out<0>      |         8.948(F)|      SLOW  |         4.107(F)|      FAST  |GND_1_o_addr[2]_AND_71_o|   0.000|
out<1>      |         8.926(F)|      SLOW  |         4.128(F)|      FAST  |GND_1_o_addr[2]_AND_69_o|   0.000|
out<2>      |         8.955(F)|      SLOW  |         4.077(F)|      FAST  |GND_1_o_addr[2]_AND_67_o|   0.000|
out<3>      |         9.442(F)|      SLOW  |         4.386(F)|      FAST  |GND_1_o_addr[2]_AND_65_o|   0.000|
------------+-----------------+------------+-----------------+------------+------------------------+--------+

Clock clk to Pad
------------+-----------------+------------+-----------------+------------+------------------+--------+
            |Max (slowest) clk|  Process   |Min (fastest) clk|  Process   |                  | Clock  |
Destination |  (edge) to PAD  |   Corner   |  (edge) to PAD  |   Corner   |Internal Clock(s) | Phase  |
------------+-----------------+------------+-----------------+------------+------------------+--------+
out<0>      |         8.762(R)|      SLOW  |         3.536(R)|      FAST  |clk_BUFGP         |   0.000|
out<1>      |         8.923(R)|      SLOW  |         3.564(R)|      FAST  |clk_BUFGP         |   0.000|
out<2>      |         8.707(R)|      SLOW  |         3.601(R)|      FAST  |clk_BUFGP         |   0.000|
out<3>      |         9.033(R)|      SLOW  |         3.666(R)|      FAST  |clk_BUFGP         |   0.000|
------------+-----------------+------------+-----------------+------------+------------------+--------+

Clock read to Pad
------------+-----------------+------------+-----------------+------------+------------------------+--------+
            |Max (slowest) clk|  Process   |Min (fastest) clk|  Process   |                        | Clock  |
Destination |  (edge) to PAD  |   Corner   |  (edge) to PAD  |   Corner   |Internal Clock(s)       | Phase  |
------------+-----------------+------------+-----------------+------------+------------------------+--------+
out<0>      |         8.551(F)|      SLOW  |         4.056(F)|      FAST  |GND_1_o_addr[2]_AND_71_o|   0.000|
            |         9.533(F)|      SLOW  |         4.254(F)|      FAST  |read_IBUF_BUFG          |   0.000|
out<1>      |         8.704(F)|      SLOW  |         4.139(F)|      FAST  |GND_1_o_addr[2]_AND_69_o|   0.000|
            |         9.860(F)|      SLOW  |         4.440(F)|      FAST  |read_IBUF_BUFG          |   0.000|
out<2>      |         8.484(F)|      SLOW  |         3.933(F)|      FAST  |GND_1_o_addr[2]_AND_67_o|   0.000|
            |         9.644(F)|      SLOW  |         4.319(F)|      FAST  |read_IBUF_BUFG          |   0.000|
out<3>      |         9.101(F)|      SLOW  |         4.324(F)|      FAST  |GND_1_o_addr[2]_AND_65_o|   0.000|
            |         9.970(F)|      SLOW  |         4.504(F)|      FAST  |read_IBUF_BUFG          |   0.000|
------------+-----------------+------------+-----------------+------------+------------------------+--------+

Clock write to Pad
------------+-----------------+------------+-----------------+------------+------------------------+--------+
            |Max (slowest) clk|  Process   |Min (fastest) clk|  Process   |                        | Clock  |
Destination |  (edge) to PAD  |   Corner   |  (edge) to PAD  |   Corner   |Internal Clock(s)       | Phase  |
------------+-----------------+------------+-----------------+------------+------------------------+--------+
out<0>      |         8.406(F)|      SLOW  |         3.868(F)|      FAST  |GND_1_o_addr[2]_AND_71_o|   0.000|
out<1>      |         8.504(F)|      SLOW  |         3.930(F)|      FAST  |GND_1_o_addr[2]_AND_69_o|   0.000|
out<2>      |         7.912(F)|      SLOW  |         3.549(F)|      FAST  |GND_1_o_addr[2]_AND_67_o|   0.000|
out<3>      |         8.821(F)|      SLOW  |         4.077(F)|      FAST  |GND_1_o_addr[2]_AND_65_o|   0.000|
------------+-----------------+------------+-----------------+------------+------------------------+--------+

Clock to Setup on destination clock addr<0>
---------------+---------+---------+---------+---------+
               | Src:Rise| Src:Fall| Src:Rise| Src:Fall|
Source Clock   |Dest:Rise|Dest:Rise|Dest:Fall|Dest:Fall|
---------------+---------+---------+---------+---------+
addr<0>        |         |         |    1.128|    3.206|
addr<1>        |         |         |    1.692|    3.206|
addr<2>        |         |         |    1.418|    3.206|
read           |         |         |    0.967|    3.206|
write          |         |         |    0.820|    3.206|
---------------+---------+---------+---------+---------+

Clock to Setup on destination clock addr<1>
---------------+---------+---------+---------+---------+
               | Src:Rise| Src:Fall| Src:Rise| Src:Fall|
Source Clock   |Dest:Rise|Dest:Rise|Dest:Fall|Dest:Fall|
---------------+---------+---------+---------+---------+
addr<0>        |         |         |    0.760|    3.206|
addr<1>        |         |         |    1.042|    3.206|
addr<2>        |         |         |    1.096|    3.206|
read           |         |         |    0.610|    3.206|
write          |         |         |    0.349|    3.206|
---------------+---------+---------+---------+---------+

Clock to Setup on destination clock addr<2>
---------------+---------+---------+---------+---------+
               | Src:Rise| Src:Fall| Src:Rise| Src:Fall|
Source Clock   |Dest:Rise|Dest:Rise|Dest:Fall|Dest:Fall|
---------------+---------+---------+---------+---------+
addr<0>        |         |         |    0.718|    3.206|
addr<1>        |         |         |    1.147|    3.206|
addr<2>        |         |         |    1.054|    3.206|
read           |         |         |    0.723|    3.206|
write          |         |         |    0.507|    3.206|
---------------+---------+---------+---------+---------+

Clock to Setup on destination clock clk
---------------+---------+---------+---------+---------+
               | Src:Rise| Src:Fall| Src:Rise| Src:Fall|
Source Clock   |Dest:Rise|Dest:Rise|Dest:Fall|Dest:Fall|
---------------+---------+---------+---------+---------+
addr<0>        |    0.936|    3.203|         |         |
addr<1>        |    1.221|    3.203|         |         |
addr<2>        |    1.140|    3.203|         |         |
read           |    1.063|    3.203|         |         |
write          |    0.863|    3.203|         |         |
---------------+---------+---------+---------+---------+

Clock to Setup on destination clock read
---------------+---------+---------+---------+---------+
               | Src:Rise| Src:Fall| Src:Rise| Src:Fall|
Source Clock   |Dest:Rise|Dest:Rise|Dest:Fall|Dest:Fall|
---------------+---------+---------+---------+---------+
addr<0>        |         |         |    1.077|    3.206|
addr<1>        |         |         |    1.420|    3.206|
addr<2>        |         |         |    1.413|    3.206|
read           |         |         |    0.927|    3.206|
write          |         |         |    0.650|    3.206|
---------------+---------+---------+---------+---------+

Clock to Setup on destination clock write
---------------+---------+---------+---------+---------+
               | Src:Rise| Src:Fall| Src:Rise| Src:Fall|
Source Clock   |Dest:Rise|Dest:Rise|Dest:Fall|Dest:Fall|
---------------+---------+---------+---------+---------+
addr<0>        |         |         |    1.587|    3.206|
addr<1>        |         |         |    1.869|    3.206|
addr<2>        |         |         |    1.923|    3.206|
read           |         |         |    1.437|    3.206|
write          |         |         |    0.880|    3.206|
---------------+---------+---------+---------+---------+


Analysis completed Wed Dec 19 09:42:36 2018 
--------------------------------------------------------------------------------

Trace Settings:
-------------------------
Trace Settings 

Peak Memory Usage: 5004 MB



