Release 14.7 - xst P.20131013 (nt64)
Copyright (c) 1995-2013 Xilinx, Inc.  All rights reserved.
--> Parameter TMPDIR set to xst/projnav.tmp


Total REAL time to Xst completion: 0.00 secs
Total CPU time to Xst completion: 0.16 secs
 
--> Parameter xsthdpdir set to xst


Total REAL time to Xst completion: 0.00 secs
Total CPU time to Xst completion: 0.16 secs
 
--> Reading design: demo_one.prj

TABLE OF CONTENTS
  1) Synthesis Options Summary
  2) HDL Parsing
  3) HDL Elaboration
  4) HDL Synthesis
       4.1) HDL Synthesis Report
  5) Advanced HDL Synthesis
       5.1) Advanced HDL Synthesis Report
  6) Low Level Synthesis
  7) Partition Report
  8) Design Summary
       8.1) Primitive and Black Box Usage
       8.2) Device utilization summary
       8.3) Partition Resource Summary
       8.4) Timing Report
            8.4.1) Clock Information
            8.4.2) Asynchronous Control Signals Information
            8.4.3) Timing Summary
            8.4.4) Timing Details
            8.4.5) Cross Clock Domains Report


=========================================================================
*                      Synthesis Options Summary                        *
=========================================================================
---- Source Parameters
Input File Name                    : "demo_one.prj"
Ignore Synthesis Constraint File   : NO

---- Target Parameters
Output File Name                   : "demo_one"
Output Format                      : NGC
Target Device                      : xc7a100t-3-fgg484

---- Source Options
Top Module Name                    : demo_one
Automatic FSM Extraction           : YES
FSM Encoding Algorithm             : Auto
Safe Implementation                : No
FSM Style                          : LUT
RAM Extraction                     : Yes
RAM Style                          : Auto
ROM Extraction                     : Yes
Shift Register Extraction          : YES
ROM Style                          : Auto
Resource Sharing                   : YES
Asynchronous To Synchronous        : NO
Shift Register Minimum Size        : 2
Use DSP Block                      : Auto
Automatic Register Balancing       : No

---- Target Options
LUT Combining                      : Auto
Reduce Control Sets                : Auto
Add IO Buffers                     : YES
Global Maximum Fanout              : 100000
Add Generic Clock Buffer(BUFG)     : 32
Register Duplication               : YES
Optimize Instantiated Primitives   : NO
Use Clock Enable                   : Auto
Use Synchronous Set                : Auto
Use Synchronous Reset              : Auto
Pack IO Registers into IOBs        : Auto
Equivalent register Removal        : YES

---- General Options
Optimization Goal                  : Speed
Optimization Effort                : 1
Power Reduction                    : NO
Keep Hierarchy                     : No
Netlist Hierarchy                  : As_Optimized
RTL Output                         : Yes
Global Optimization                : AllClockNets
Read Cores                         : YES
Write Timing Constraints           : NO
Cross Clock Analysis               : NO
Hierarchy Separator                : /
Bus Delimiter                      : <>
Case Specifier                     : Maintain
Slice Utilization Ratio            : 100
BRAM Utilization Ratio             : 100
DSP48 Utilization Ratio            : 100
Auto BRAM Packing                  : NO
Slice Utilization Ratio Delta      : 5

=========================================================================


=========================================================================
*                          HDL Parsing                                  *
=========================================================================
Analyzing Verilog file "E:\ISE\demo_one\demo_one.v" into library work
Parsing module <demo_one>.

=========================================================================
*                            HDL Elaboration                            *
=========================================================================

Elaborating module <demo_one>.
WARNING:HDLCompiler:413 - "E:\ISE\demo_one\demo_one.v" Line 27: Result of 32-bit expression is truncated to fit in 10-bit target.
WARNING:HDLCompiler:413 - "E:\ISE\demo_one\demo_one.v" Line 28: Result of 32-bit expression is truncated to fit in 10-bit target.
WARNING:HDLCompiler:413 - "E:\ISE\demo_one\demo_one.v" Line 29: Result of 32-bit expression is truncated to fit in 10-bit target.
WARNING:HDLCompiler:413 - "E:\ISE\demo_one\demo_one.v" Line 30: Result of 32-bit expression is truncated to fit in 10-bit target.
WARNING:HDLCompiler:413 - "E:\ISE\demo_one\demo_one.v" Line 31: Result of 32-bit expression is truncated to fit in 10-bit target.

=========================================================================
*                           HDL Synthesis                               *
=========================================================================

Synthesizing Unit <demo_one>.
    Related source file is "E:\ISE\demo_one\demo_one.v".
    Found 10-bit register for signal <temp0>.
    Found 10-bit register for signal <temp1>.
    Found 10-bit register for signal <temp2>.
    Found 10-bit register for signal <temp3>.
    Found 10-bit register for signal <temp4>.
    Found 10-bit register for signal <res>.
    Found 10-bit adder for signal <n0047> created at line 33.
    Found 10-bit adder for signal <n0050> created at line 33.
    Found 10-bit adder for signal <n0053> created at line 33.
    Found 10-bit adder for signal <temp0[9]_temp4[9]_add_8_OUT> created at line 33.
    Summary:
	inferred   4 Adder/Subtractor(s).
	inferred  60 D-type flip-flop(s).
	inferred   5 Multiplexer(s).
Unit <demo_one> synthesized.

=========================================================================
HDL Synthesis Report

Macro Statistics
# Adders/Subtractors                                   : 4
 10-bit adder                                          : 4
# Registers                                            : 6
 10-bit register                                       : 6
# Multiplexers                                         : 5
 32-bit 2-to-1 multiplexer                             : 5

=========================================================================

=========================================================================
*                       Advanced HDL Synthesis                          *
=========================================================================


Synthesizing (advanced) Unit <demo_one>.
	The following adders/subtractors are grouped into adder tree <Madd_temp0[9]_temp4[9]_add_8_OUT1> :
 	<Madd_n0047> in block <demo_one>, 	<Madd_n0050> in block <demo_one>, 	<Madd_n0053> in block <demo_one>, 	<Madd_temp0[9]_temp4[9]_add_8_OUT> in block <demo_one>.
Unit <demo_one> synthesized (advanced).

=========================================================================
Advanced HDL Synthesis Report

Macro Statistics
# Adder Trees                                          : 1
 10-bit / 5-inputs adder tree                          : 1
# Registers                                            : 60
 Flip-Flops                                            : 60
# Multiplexers                                         : 5
 32-bit 2-to-1 multiplexer                             : 5

=========================================================================

=========================================================================
*                         Low Level Synthesis                           *
=========================================================================
WARNING:Xst:1710 - FF/Latch <temp4_9> (without init value) has a constant value of 0 in block <demo_one>. This FF/Latch will be trimmed during the optimization process.
WARNING:Xst:1895 - Due to other FF/Latch trimming, FF/Latch <temp4_3> (without init value) has a constant value of 0 in block <demo_one>. This FF/Latch will be trimmed during the optimization process.
WARNING:Xst:1895 - Due to other FF/Latch trimming, FF/Latch <temp4_2> (without init value) has a constant value of 0 in block <demo_one>. This FF/Latch will be trimmed during the optimization process.
WARNING:Xst:1895 - Due to other FF/Latch trimming, FF/Latch <temp4_1> (without init value) has a constant value of 0 in block <demo_one>. This FF/Latch will be trimmed during the optimization process.
WARNING:Xst:1895 - Due to other FF/Latch trimming, FF/Latch <temp4_0> (without init value) has a constant value of 0 in block <demo_one>. This FF/Latch will be trimmed during the optimization process.
WARNING:Xst:1895 - Due to other FF/Latch trimming, FF/Latch <temp3_9> (without init value) has a constant value of 0 in block <demo_one>. This FF/Latch will be trimmed during the optimization process.
WARNING:Xst:1895 - Due to other FF/Latch trimming, FF/Latch <temp3_8> (without init value) has a constant value of 0 in block <demo_one>. This FF/Latch will be trimmed during the optimization process.
WARNING:Xst:1895 - Due to other FF/Latch trimming, FF/Latch <temp3_2> (without init value) has a constant value of 0 in block <demo_one>. This FF/Latch will be trimmed during the optimization process.
WARNING:Xst:1895 - Due to other FF/Latch trimming, FF/Latch <temp3_1> (without init value) has a constant value of 0 in block <demo_one>. This FF/Latch will be trimmed during the optimization process.
WARNING:Xst:1895 - Due to other FF/Latch trimming, FF/Latch <temp3_0> (without init value) has a constant value of 0 in block <demo_one>. This FF/Latch will be trimmed during the optimization process.
WARNING:Xst:1895 - Due to other FF/Latch trimming, FF/Latch <temp1_9> (without init value) has a constant value of 0 in block <demo_one>. This FF/Latch will be trimmed during the optimization process.
WARNING:Xst:1895 - Due to other FF/Latch trimming, FF/Latch <temp1_8> (without init value) has a constant value of 0 in block <demo_one>. This FF/Latch will be trimmed during the optimization process.
WARNING:Xst:1895 - Due to other FF/Latch trimming, FF/Latch <temp1_7> (without init value) has a constant value of 0 in block <demo_one>. This FF/Latch will be trimmed during the optimization process.
WARNING:Xst:1895 - Due to other FF/Latch trimming, FF/Latch <temp1_6> (without init value) has a constant value of 0 in block <demo_one>. This FF/Latch will be trimmed during the optimization process.
WARNING:Xst:1895 - Due to other FF/Latch trimming, FF/Latch <temp1_0> (without init value) has a constant value of 0 in block <demo_one>. This FF/Latch will be trimmed during the optimization process.
WARNING:Xst:1895 - Due to other FF/Latch trimming, FF/Latch <temp0_9> (without init value) has a constant value of 0 in block <demo_one>. This FF/Latch will be trimmed during the optimization process.
WARNING:Xst:1895 - Due to other FF/Latch trimming, FF/Latch <temp0_8> (without init value) has a constant value of 0 in block <demo_one>. This FF/Latch will be trimmed during the optimization process.
WARNING:Xst:1895 - Due to other FF/Latch trimming, FF/Latch <temp0_7> (without init value) has a constant value of 0 in block <demo_one>. This FF/Latch will be trimmed during the optimization process.
WARNING:Xst:1895 - Due to other FF/Latch trimming, FF/Latch <temp0_6> (without init value) has a constant value of 0 in block <demo_one>. This FF/Latch will be trimmed during the optimization process.
WARNING:Xst:1895 - Due to other FF/Latch trimming, FF/Latch <temp0_5> (without init value) has a constant value of 0 in block <demo_one>. This FF/Latch will be trimmed during the optimization process.
WARNING:Xst:1895 - Due to other FF/Latch trimming, FF/Latch <temp2_9> (without init value) has a constant value of 0 in block <demo_one>. This FF/Latch will be trimmed during the optimization process.
WARNING:Xst:1895 - Due to other FF/Latch trimming, FF/Latch <temp2_8> (without init value) has a constant value of 0 in block <demo_one>. This FF/Latch will be trimmed during the optimization process.
WARNING:Xst:1895 - Due to other FF/Latch trimming, FF/Latch <temp2_7> (without init value) has a constant value of 0 in block <demo_one>. This FF/Latch will be trimmed during the optimization process.
WARNING:Xst:1895 - Due to other FF/Latch trimming, FF/Latch <temp2_1> (without init value) has a constant value of 0 in block <demo_one>. This FF/Latch will be trimmed during the optimization process.
WARNING:Xst:1895 - Due to other FF/Latch trimming, FF/Latch <temp2_0> (without init value) has a constant value of 0 in block <demo_one>. This FF/Latch will be trimmed during the optimization process.

Optimizing unit <demo_one> ...

Mapping all equations...
Building and optimizing final netlist ...
Found area constraint ratio of 100 (+ 5) on block demo_one, actual ratio is 0.

Final Macro Processing ...

=========================================================================
Final Register Report

Macro Statistics
# Registers                                            : 35
 Flip-Flops                                            : 35

=========================================================================

=========================================================================
*                           Partition Report                            *
=========================================================================

Partition Implementation Status
-------------------------------

  No Partitions were found in this design.

-------------------------------

=========================================================================
*                            Design Summary                             *
=========================================================================

Top Level Output File Name         : demo_one.ngc

Primitive and Black Box Usage:
------------------------------
# BELS                             : 103
#      GND                         : 1
#      INV                         : 1
#      LUT1                        : 2
#      LUT2                        : 25
#      LUT3                        : 18
#      LUT4                        : 18
#      MUXCY                       : 18
#      XORCY                       : 20
# FlipFlops/Latches                : 35
#      FDC                         : 35
# Clock Buffers                    : 1
#      BUFGP                       : 1
# IO Buffers                       : 21
#      IBUF                        : 11
#      OBUF                        : 10

Device utilization summary:
---------------------------

Selected Device : 7a100tfgg484-3 


Slice Logic Utilization: 
 Number of Slice Registers:              35  out of  126800     0%  
 Number of Slice LUTs:                   64  out of  63400     0%  
    Number used as Logic:                64  out of  63400     0%  

Slice Logic Distribution: 
 Number of LUT Flip Flop pairs used:     72
   Number with an unused Flip Flop:      37  out of     72    51%  
   Number with an unused LUT:             8  out of     72    11%  
   Number of fully used LUT-FF pairs:    27  out of     72    37%  
   Number of unique control sets:         1

IO Utilization: 
 Number of IOs:                          22
 Number of bonded IOBs:                  22  out of    285     7%  

Specific Feature Utilization:
 Number of BUFG/BUFGCTRLs:                1  out of     32     3%  

---------------------------
Partition Resource Summary:
---------------------------

  No Partitions were found in this design.

---------------------------


=========================================================================
Timing Report

NOTE: THESE TIMING NUMBERS ARE ONLY A SYNTHESIS ESTIMATE.
      FOR ACCURATE TIMING INFORMATION PLEASE REFER TO THE TRACE REPORT
      GENERATED AFTER PLACE-and-ROUTE.

Clock Information:
------------------
-----------------------------------+------------------------+-------+
Clock Signal                       | Clock buffer(FF name)  | Load  |
-----------------------------------+------------------------+-------+
clk                                | BUFGP                  | 35    |
-----------------------------------+------------------------+-------+

Asynchronous Control Signals Information:
----------------------------------------
No asynchronous control signals found in this design

Timing Summary:
---------------
Speed Grade: -3

   Minimum period: 3.701ns (Maximum Frequency: 270.226MHz)
   Minimum input arrival time before clock: 1.129ns
   Maximum output required time after clock: 0.640ns
   Maximum combinational path delay: No path found

Timing Details:
---------------
All values displayed in nanoseconds (ns)

=========================================================================
Timing constraint: Default period analysis for Clock 'clk'
  Clock period: 3.701ns (frequency: 270.226MHz)
  Total number of paths / destination ports: 2189 / 10
-------------------------------------------------------------------------
Delay:               3.701ns (Levels of Logic = 12)
  Source:            temp0_1 (FF)
  Destination:       res_9 (FF)
  Source Clock:      clk rising
  Destination Clock: clk rising

  Data Path: temp0_1 to res_9
                                Gate     Net
    Cell:in->out      fanout   Delay   Delay  Logical Name (Net Name)
    ----------------------------------------  ------------
     FDC:C->Q              2   0.361   0.516  temp0_1 (temp0_1)
     LUT3:I0->O            1   0.097   0.295  ADDERTREE_INTERNAL_Madd11 (ADDERTREE_INTERNAL_Madd11)
     LUT4:I3->O            1   0.097   0.000  ADDERTREE_INTERNAL_Madd1_lut<0>2 (ADDERTREE_INTERNAL_Madd1_lut<0>2)
     MUXCY:S->O            1   0.353   0.000  ADDERTREE_INTERNAL_Madd1_cy<0>_1 (ADDERTREE_INTERNAL_Madd1_cy<0>2)
     MUXCY:CI->O           1   0.023   0.000  ADDERTREE_INTERNAL_Madd1_cy<0>_2 (ADDERTREE_INTERNAL_Madd1_cy<0>3)
     MUXCY:CI->O           1   0.023   0.000  ADDERTREE_INTERNAL_Madd1_cy<0>_3 (ADDERTREE_INTERNAL_Madd1_cy<0>4)
     MUXCY:CI->O           1   0.023   0.000  ADDERTREE_INTERNAL_Madd1_cy<0>_4 (ADDERTREE_INTERNAL_Madd1_cy<0>5)
     MUXCY:CI->O           1   0.023   0.000  ADDERTREE_INTERNAL_Madd1_cy<0>_5 (ADDERTREE_INTERNAL_Madd1_cy<0>6)
     XORCY:CI->O           2   0.370   0.299  ADDERTREE_INTERNAL_Madd1_xor<0>_6 (ADDERTREE_INTERNAL_Madd_71)
     LUT3:I2->O            1   0.097   0.295  ADDERTREE_INTERNAL_Madd37 (ADDERTREE_INTERNAL_Madd37)
     LUT4:I3->O            1   0.097   0.000  ADDERTREE_INTERNAL_Madd3_lut<0>8 (ADDERTREE_INTERNAL_Madd3_lut<0>8)
     MUXCY:S->O            0   0.353   0.000  ADDERTREE_INTERNAL_Madd3_cy<0>_7 (ADDERTREE_INTERNAL_Madd3_cy<0>8)
     XORCY:CI->O           1   0.370   0.000  ADDERTREE_INTERNAL_Madd3_xor<0>_8 (ADDERTREE_INTERNAL_Madd_93)
     FDC:D                     0.008          res_9
    ----------------------------------------
    Total                      3.701ns (2.295ns logic, 1.406ns route)
                                       (62.0% logic, 38.0% route)

=========================================================================
Timing constraint: Default OFFSET IN BEFORE for Clock 'clk'
  Total number of paths / destination ports: 85 / 60
-------------------------------------------------------------------------
Offset:              1.129ns (Levels of Logic = 2)
  Source:            rst_n (PAD)
  Destination:       temp2_2 (FF)
  Destination Clock: clk rising

  Data Path: rst_n to temp2_2
                                Gate     Net
    Cell:in->out      fanout   Delay   Delay  Logical Name (Net Name)
    ----------------------------------------  ------------
     IBUF:I->O             1   0.001   0.279  rst_n_IBUF (rst_n_IBUF)
     INV:I->O             35   0.113   0.387  rst_n_inv1_INV_0 (rst_n_inv)
     FDC:CLR                   0.349          temp2_2
    ----------------------------------------
    Total                      1.129ns (0.463ns logic, 0.666ns route)
                                       (41.0% logic, 59.0% route)

=========================================================================
Timing constraint: Default OFFSET OUT AFTER for Clock 'clk'
  Total number of paths / destination ports: 10 / 10
-------------------------------------------------------------------------
Offset:              0.640ns (Levels of Logic = 1)
  Source:            res_9 (FF)
  Destination:       res<9> (PAD)
  Source Clock:      clk rising

  Data Path: res_9 to res<9>
                                Gate     Net
    Cell:in->out      fanout   Delay   Delay  Logical Name (Net Name)
    ----------------------------------------  ------------
     FDC:C->Q              1   0.361   0.279  res_9 (res_9)
     OBUF:I->O                 0.000          res_9_OBUF (res<9>)
    ----------------------------------------
    Total                      0.640ns (0.361ns logic, 0.279ns route)
                                       (56.4% logic, 43.6% route)

=========================================================================

Cross Clock Domains Report:
--------------------------

Clock to Setup on destination clock clk
---------------+---------+---------+---------+---------+
               | Src:Rise| Src:Fall| Src:Rise| Src:Fall|
Source Clock   |Dest:Rise|Dest:Rise|Dest:Fall|Dest:Fall|
---------------+---------+---------+---------+---------+
clk            |    3.701|         |         |         |
---------------+---------+---------+---------+---------+

=========================================================================


Total REAL time to Xst completion: 9.00 secs
Total CPU time to Xst completion: 9.77 secs
 
--> 

Total memory usage is 4653436 kilobytes

Number of errors   :    0 (   0 filtered)
Number of warnings :   30 (   0 filtered)
Number of infos    :    0 (   0 filtered)

