--------------------------------------------------------------------------------
Release 14.7 Trace  (nt64)
Copyright (c) 1995-2013 Xilinx, Inc.  All rights reserved.

D:\Xilinx\14.7\ISE_DS\ISE\bin\nt64\unwrapped\trce.exe -intstyle ise -v 3 -s 3
-n 3 -fastpaths -xml Demo_7.twx Demo_7.ncd -o Demo_7.twr Demo_7.pcf -ucf
Demo_7.ucf

Design file:              Demo_7.ncd
Physical constraint file: Demo_7.pcf
Device,package,speed:     xc7a100t,fgg484,C,-3 (PRODUCTION 1.10 2013-10-13)
Report level:             verbose report

Environment Variable      Effect 
--------------------      ------ 
NONE                      No environment variables were set
--------------------------------------------------------------------------------

INFO:Timing:2698 - No timing constraints found, doing default enumeration.
INFO:Timing:3412 - To improve timing, see the Timing Closure User Guide (UG612).
INFO:Timing:2752 - To get complete path coverage, use the unconstrained paths 
   option. All paths that are not constrained will be reported in the 
   unconstrained paths section(s) of the report.
INFO:Timing:3339 - The clock-to-out numbers in this timing report are based on 
   a 50 Ohm transmission line loading model.  For the details of this model, 
   and for more information on accounting for different loading conditions, 
   please see the device datasheet.



Data Sheet report:
-----------------
All values displayed in nanoseconds (ns)

Pad to Pad
---------------+---------------+---------+
Source Pad     |Destination Pad|  Delay  |
---------------+---------------+---------+
A<0>           |C4             |    7.098|
A<0>           |CF             |    7.329|
A<0>           |F<0>           |    5.869|
A<0>           |F<1>           |    5.981|
A<0>           |F<2>           |    6.653|
A<0>           |F<3>           |    7.190|
A<0>           |ZF             |    7.791|
A<1>           |C4             |    7.622|
A<1>           |CF             |    7.853|
A<1>           |F<1>           |    5.970|
A<1>           |F<2>           |    7.177|
A<1>           |F<3>           |    7.714|
A<1>           |ZF             |    8.315|
A<2>           |C4             |    6.368|
A<2>           |CF             |    6.591|
A<2>           |F<2>           |    5.820|
A<2>           |F<3>           |    6.345|
A<2>           |ZF             |    6.946|
A<3>           |C4             |    6.257|
A<3>           |CF             |    6.472|
A<3>           |F<3>           |    5.996|
A<3>           |ZF             |    6.597|
Add_Sub        |C4             |    6.611|
Add_Sub        |CF             |    6.840|
Add_Sub        |F<1>           |    6.707|
Add_Sub        |F<2>           |    6.583|
Add_Sub        |F<3>           |    6.672|
Add_Sub        |ZF             |    7.624|
B<0>           |C4             |    7.670|
B<0>           |CF             |    7.901|
B<0>           |F<0>           |    6.037|
B<0>           |F<1>           |    6.242|
B<0>           |F<2>           |    7.225|
B<0>           |F<3>           |    7.762|
B<0>           |ZF             |    8.363|
B<1>           |C4             |    7.168|
B<1>           |CF             |    7.399|
B<1>           |F<1>           |    6.215|
B<1>           |F<2>           |    6.723|
B<1>           |F<3>           |    7.260|
B<1>           |ZF             |    7.861|
B<2>           |C4             |    6.541|
B<2>           |CF             |    6.772|
B<2>           |F<2>           |    6.100|
B<2>           |F<3>           |    6.633|
B<2>           |ZF             |    7.234|
B<3>           |C4             |    6.436|
B<3>           |CF             |    6.655|
B<3>           |F<3>           |    6.343|
B<3>           |ZF             |    6.944|
C0             |C4             |    7.886|
C0             |CF             |    8.117|
C0             |F<0>           |    6.199|
C0             |F<1>           |    6.309|
C0             |F<2>           |    7.441|
C0             |F<3>           |    7.978|
C0             |ZF             |    8.579|
---------------+---------------+---------+


Analysis completed Mon Dec 10 19:00:59 2018 
--------------------------------------------------------------------------------

Trace Settings:
-------------------------
Trace Settings 

Peak Memory Usage: 5004 MB



