Release 14.7 - xst P.20131013 (nt64)
Copyright (c) 1995-2013 Xilinx, Inc.  All rights reserved.
--> Parameter TMPDIR set to xst/projnav.tmp


Total REAL time to Xst completion: 1.00 secs
Total CPU time to Xst completion: 0.35 secs
 
--> Parameter xsthdpdir set to xst


Total REAL time to Xst completion: 1.00 secs
Total CPU time to Xst completion: 0.36 secs
 
--> Reading design: Demo_7.prj

TABLE OF CONTENTS
  1) Synthesis Options Summary
  2) HDL Parsing
  3) HDL Elaboration
  4) HDL Synthesis
       4.1) HDL Synthesis Report
  5) Advanced HDL Synthesis
       5.1) Advanced HDL Synthesis Report
  6) Low Level Synthesis
  7) Partition Report
  8) Design Summary
       8.1) Primitive and Black Box Usage
       8.2) Device utilization summary
       8.3) Partition Resource Summary
       8.4) Timing Report
            8.4.1) Clock Information
            8.4.2) Asynchronous Control Signals Information
            8.4.3) Timing Summary
            8.4.4) Timing Details
            8.4.5) Cross Clock Domains Report


=========================================================================
*                      Synthesis Options Summary                        *
=========================================================================
---- Source Parameters
Input File Name                    : "Demo_7.prj"
Ignore Synthesis Constraint File   : NO

---- Target Parameters
Output File Name                   : "Demo_7"
Output Format                      : NGC
Target Device                      : xc7a100t-3-fgg484

---- Source Options
Top Module Name                    : Demo_7
Automatic FSM Extraction           : YES
FSM Encoding Algorithm             : Auto
Safe Implementation                : No
FSM Style                          : LUT
RAM Extraction                     : Yes
RAM Style                          : Auto
ROM Extraction                     : Yes
Shift Register Extraction          : YES
ROM Style                          : Auto
Resource Sharing                   : YES
Asynchronous To Synchronous        : NO
Shift Register Minimum Size        : 2
Use DSP Block                      : Auto
Automatic Register Balancing       : No

---- Target Options
LUT Combining                      : Auto
Reduce Control Sets                : Auto
Add IO Buffers                     : YES
Global Maximum Fanout              : 100000
Add Generic Clock Buffer(BUFG)     : 32
Register Duplication               : YES
Optimize Instantiated Primitives   : NO
Use Clock Enable                   : Auto
Use Synchronous Set                : Auto
Use Synchronous Reset              : Auto
Pack IO Registers into IOBs        : Auto
Equivalent register Removal        : YES

---- General Options
Optimization Goal                  : Speed
Optimization Effort                : 1
Power Reduction                    : NO
Keep Hierarchy                     : No
Netlist Hierarchy                  : As_Optimized
RTL Output                         : Yes
Global Optimization                : AllClockNets
Read Cores                         : YES
Write Timing Constraints           : NO
Cross Clock Analysis               : NO
Hierarchy Separator                : /
Bus Delimiter                      : <>
Case Specifier                     : Maintain
Slice Utilization Ratio            : 100
BRAM Utilization Ratio             : 100
DSP48 Utilization Ratio            : 100
Auto BRAM Packing                  : NO
Slice Utilization Ratio Delta      : 5

=========================================================================


=========================================================================
*                          HDL Parsing                                  *
=========================================================================
Analyzing Verilog file "E:\ISE\Project_7\Demo_7.v" into library work
Parsing module <Demo_7>.

=========================================================================
*                            HDL Elaboration                            *
=========================================================================

Elaborating module <Demo_7>.

=========================================================================
*                           HDL Synthesis                               *
=========================================================================

Synthesizing Unit <Demo_7>.
    Related source file is "E:\ISE\Project_7\Demo_7.v".
    Found 5-bit subtractor for signal <GND_1_o_GND_1_o_sub_3_OUT> created at line 14.
    Found 5-bit subtractor for signal <GND_1_o_GND_1_o_sub_4_OUT> created at line 14.
    Found 5-bit adder for signal <n0026> created at line 12.
    Found 5-bit adder for signal <BUS_0001_GND_1_o_add_1_OUT> created at line 12.
    Summary:
	inferred   4 Adder/Subtractor(s).
	inferred   3 Multiplexer(s).
Unit <Demo_7> synthesized.

=========================================================================
HDL Synthesis Report

Macro Statistics
# Adders/Subtractors                                   : 4
 5-bit adder                                           : 2
 5-bit subtractor                                      : 2
# Multiplexers                                         : 3
 1-bit 2-to-1 multiplexer                              : 2
 4-bit 2-to-1 multiplexer                              : 1

=========================================================================

=========================================================================
*                       Advanced HDL Synthesis                          *
=========================================================================


=========================================================================
Advanced HDL Synthesis Report

Macro Statistics
# Adders/Subtractors                                   : 2
 5-bit adder carry in                                  : 1
 5-bit subtractor borrow in                            : 1
# Multiplexers                                         : 3
 1-bit 2-to-1 multiplexer                              : 2
 4-bit 2-to-1 multiplexer                              : 1

=========================================================================

=========================================================================
*                         Low Level Synthesis                           *
=========================================================================

Optimizing unit <Demo_7> ...

Mapping all equations...
Building and optimizing final netlist ...
Found area constraint ratio of 100 (+ 5) on block Demo_7, actual ratio is 0.

Final Macro Processing ...

=========================================================================
Final Register Report

Found no macro
=========================================================================

=========================================================================
*                           Partition Report                            *
=========================================================================

Partition Implementation Status
-------------------------------

  No Partitions were found in this design.

-------------------------------

=========================================================================
*                            Design Summary                             *
=========================================================================

Top Level Output File Name         : Demo_7.ngc

Primitive and Black Box Usage:
------------------------------
# BELS                             : 11
#      LUT3                        : 3
#      LUT5                        : 6
#      LUT6                        : 2
# IO Buffers                       : 17
#      IBUF                        : 10
#      OBUF                        : 7

Device utilization summary:
---------------------------

Selected Device : 7a100tfgg484-3 


Slice Logic Utilization: 
 Number of Slice LUTs:                   11  out of  63400     0%  
    Number used as Logic:                11  out of  63400     0%  

Slice Logic Distribution: 
 Number of LUT Flip Flop pairs used:     11
   Number with an unused Flip Flop:      11  out of     11   100%  
   Number with an unused LUT:             0  out of     11     0%  
   Number of fully used LUT-FF pairs:     0  out of     11     0%  
   Number of unique control sets:         0

IO Utilization: 
 Number of IOs:                          17
 Number of bonded IOBs:                  17  out of    285     5%  

Specific Feature Utilization:

---------------------------
Partition Resource Summary:
---------------------------

  No Partitions were found in this design.

---------------------------


=========================================================================
Timing Report

NOTE: THESE TIMING NUMBERS ARE ONLY A SYNTHESIS ESTIMATE.
      FOR ACCURATE TIMING INFORMATION PLEASE REFER TO THE TRACE REPORT
      GENERATED AFTER PLACE-and-ROUTE.

Clock Information:
------------------
No clock signals found in this design

Asynchronous Control Signals Information:
----------------------------------------
No asynchronous control signals found in this design

Timing Summary:
---------------
Speed Grade: -3

   Minimum period: No path found
   Minimum input arrival time before clock: No path found
   Maximum output required time after clock: No path found
   Maximum combinational path delay: 2.924ns

Timing Details:
---------------
All values displayed in nanoseconds (ns)

=========================================================================
Timing constraint: Default path analysis
  Total number of paths / destination ports: 112 / 7
-------------------------------------------------------------------------
Delay:               2.924ns (Levels of Logic = 6)
  Source:            A<1> (PAD)
  Destination:       ZF (PAD)

  Data Path: A<1> to ZF
                                Gate     Net
    Cell:in->out      fanout   Delay   Delay  Logical Name (Net Name)
    ----------------------------------------  ------------
     IBUF:I->O             3   0.001   0.693  A_1_IBUF (A_1_IBUF)
     LUT5:I0->O            2   0.097   0.299  Madd_BUS_0001_GND_1_o_add_1_OUT_Madd_cy<1>11 (Madd_BUS_0001_GND_1_o_add_1_OUT_Madd_cy<1>)
     LUT3:I2->O            3   0.097   0.566  Madd_BUS_0001_GND_1_o_add_1_OUT_Madd_cy<2>11 (Madd_BUS_0001_GND_1_o_add_1_OUT_Madd_cy<2>)
     LUT5:I1->O            2   0.097   0.697  Mmux_F41 (F_3_OBUF)
     LUT6:I0->O            1   0.097   0.279  ZF<3>1 (ZF_OBUF)
     OBUF:I->O                 0.000          ZF_OBUF (ZF)
    ----------------------------------------
    Total                      2.924ns (0.389ns logic, 2.535ns route)
                                       (13.3% logic, 86.7% route)

=========================================================================

Cross Clock Domains Report:
--------------------------

=========================================================================


Total REAL time to Xst completion: 12.00 secs
Total CPU time to Xst completion: 11.72 secs
 
--> 

Total memory usage is 4653412 kilobytes

Number of errors   :    0 (   0 filtered)
Number of warnings :    0 (   0 filtered)
Number of infos    :    0 (   0 filtered)

