Release 14.7 - xst P.20131013 (nt64)
Copyright (c) 1995-2013 Xilinx, Inc.  All rights reserved.
--> Parameter TMPDIR set to xst/projnav.tmp


Total REAL time to Xst completion: 0.00 secs
Total CPU time to Xst completion: 0.15 secs
 
--> Parameter xsthdpdir set to xst


Total REAL time to Xst completion: 0.00 secs
Total CPU time to Xst completion: 0.15 secs
 
--> Reading design: Demo_3.prj

TABLE OF CONTENTS
  1) Synthesis Options Summary
  2) HDL Parsing
  3) HDL Elaboration
  4) HDL Synthesis
       4.1) HDL Synthesis Report
  5) Advanced HDL Synthesis
       5.1) Advanced HDL Synthesis Report
  6) Low Level Synthesis
  7) Partition Report
  8) Design Summary
       8.1) Primitive and Black Box Usage
       8.2) Device utilization summary
       8.3) Partition Resource Summary
       8.4) Timing Report
            8.4.1) Clock Information
            8.4.2) Asynchronous Control Signals Information
            8.4.3) Timing Summary
            8.4.4) Timing Details
            8.4.5) Cross Clock Domains Report


=========================================================================
*                      Synthesis Options Summary                        *
=========================================================================
---- Source Parameters
Input File Name                    : "Demo_3.prj"
Ignore Synthesis Constraint File   : NO

---- Target Parameters
Output File Name                   : "Demo_3"
Output Format                      : NGC
Target Device                      : xc7a100t-3-fgg484

---- Source Options
Top Module Name                    : Demo_3
Automatic FSM Extraction           : YES
FSM Encoding Algorithm             : Auto
Safe Implementation                : No
FSM Style                          : LUT
RAM Extraction                     : Yes
RAM Style                          : Auto
ROM Extraction                     : Yes
Shift Register Extraction          : YES
ROM Style                          : Auto
Resource Sharing                   : YES
Asynchronous To Synchronous        : NO
Shift Register Minimum Size        : 2
Use DSP Block                      : Auto
Automatic Register Balancing       : No

---- Target Options
LUT Combining                      : Auto
Reduce Control Sets                : Auto
Add IO Buffers                     : YES
Global Maximum Fanout              : 100000
Add Generic Clock Buffer(BUFG)     : 32
Register Duplication               : YES
Optimize Instantiated Primitives   : NO
Use Clock Enable                   : Auto
Use Synchronous Set                : Auto
Use Synchronous Reset              : Auto
Pack IO Registers into IOBs        : Auto
Equivalent register Removal        : YES

---- General Options
Optimization Goal                  : Speed
Optimization Effort                : 1
Power Reduction                    : NO
Keep Hierarchy                     : No
Netlist Hierarchy                  : As_Optimized
RTL Output                         : Yes
Global Optimization                : AllClockNets
Read Cores                         : YES
Write Timing Constraints           : NO
Cross Clock Analysis               : NO
Hierarchy Separator                : /
Bus Delimiter                      : <>
Case Specifier                     : Maintain
Slice Utilization Ratio            : 100
BRAM Utilization Ratio             : 100
DSP48 Utilization Ratio            : 100
Auto BRAM Packing                  : NO
Slice Utilization Ratio Delta      : 5

=========================================================================


=========================================================================
*                          HDL Parsing                                  *
=========================================================================
Analyzing Verilog file "E:\ISE\Project_3\Demo_3.v" into library work
Parsing module <Demo_6>.
ERROR:HDLCompiler:806 - "E:\ISE\Project_3\Demo_3.v" Line 12: Syntax error near "else".
ERROR:HDLCompiler:806 - "E:\ISE\Project_3\Demo_3.v" Line 13: Syntax error near "=".
ERROR:HDLCompiler:806 - "E:\ISE\Project_3\Demo_3.v" Line 15: Syntax error near "=".
ERROR:HDLCompiler:806 - "E:\ISE\Project_3\Demo_3.v" Line 17: Syntax error near "=".
ERROR:HDLCompiler:806 - "E:\ISE\Project_3\Demo_3.v" Line 19: Syntax error near "=".
ERROR:HDLCompiler:806 - "E:\ISE\Project_3\Demo_3.v" Line 21: Syntax error near "=".
ERROR:HDLCompiler:69 - "E:\ISE\Project_3\Demo_3.v" Line 4: <G2A> is not declared.
ERROR:HDLCompiler:44 - "E:\ISE\Project_3\Demo_3.v" Line 12: A is not a constant
ERROR:HDLCompiler:69 - "E:\ISE\Project_3\Demo_3.v" Line 12: <c> is not declared.
ERROR:HDLCompiler:1059 - "E:\ISE\Project_3\Demo_3.v" Line 13: Y0 is an unknown type
ERROR:HDLCompiler:44 - "E:\ISE\Project_3\Demo_3.v" Line 14: A is not a constant
ERROR:HDLCompiler:1059 - "E:\ISE\Project_3\Demo_3.v" Line 15: Y1 is an unknown type
ERROR:HDLCompiler:44 - "E:\ISE\Project_3\Demo_3.v" Line 16: A is not a constant
ERROR:HDLCompiler:1059 - "E:\ISE\Project_3\Demo_3.v" Line 17: Y2 is an unknown type
ERROR:HDLCompiler:44 - "E:\ISE\Project_3\Demo_3.v" Line 18: A is not a constant
ERROR:HDLCompiler:1059 - "E:\ISE\Project_3\Demo_3.v" Line 19: Y3 is an unknown type
ERROR:HDLCompiler:44 - "E:\ISE\Project_3\Demo_3.v" Line 20: A is not a constant
ERROR:HDLCompiler:1059 - "E:\ISE\Project_3\Demo_3.v" Line 21: Y4 is an unknown type
ERROR:HDLCompiler:598 - "E:\ISE\Project_3\Demo_3.v" Line 4: Module <Demo_6> ignored due to previous errors.
Verilog file E:\ISE\Project_3\Demo_3.v ignored due to errors
--> 

Total memory usage is 4534860 kilobytes

Number of errors   :   19 (   0 filtered)
Number of warnings :    0 (   0 filtered)
Number of infos    :    0 (   0 filtered)

