
****** PlanAhead v14.7
  **** Build 321239 by xbuild on Fri Sep 27 19:31:35 MDT 2013
    ** Copyright 1986-1999, 2001-2013 Xilinx, Inc. All Rights Reserved.

INFO: [Common 17-78] Attempting to get a license: PlanAhead
INFO: [Common 17-290] Got license for PlanAhead
INFO: [Device 21-36] Loading parts and site information from C:/Xilinx/14.7/ISE_DS/PlanAhead/data/parts/arch.xml
Parsing RTL primitives file [C:/Xilinx/14.7/ISE_DS/PlanAhead/data/parts/xilinx/rtl/prims/rtl_prims.xml]
Finished parsing RTL primitives file [C:/Xilinx/14.7/ISE_DS/PlanAhead/data/parts/xilinx/rtl/prims/rtl_prims.xml]
start_gui
source D:/FPGA/shiyan_11/pa.fromNetlist.tcl
# create_project -name shiyan_11 -dir "D:/FPGA/shiyan_11/planAhead_run_1" -part xc7a100tfgg484-3
create_project: Time (s): elapsed = 00:00:06 . Memory (MB): peak = 419.246 ; gain = 46.953
# set_property design_mode GateLvl [get_property srcset [current_run -impl]]
# set_property edif_top_file "D:/FPGA/shiyan_11/shiyan_11.ngc" [ get_property srcset [ current_run ] ]
# add_files -norecurse { {D:/FPGA/shiyan_11} }
# set_param project.pinAheadLayout  yes
# set_property target_constrs_file "shiyan_11.ucf" [current_fileset -constrset]
Adding file 'D:/FPGA/shiyan_11/shiyan_11.ucf' to fileset 'constrs_1'
# add_files [list {shiyan_11.ucf}] -fileset [get_property constrset [current_run]]
# link_design
Design is defaulting to srcset: sources_1
Design is defaulting to constrset: constrs_1
Design is defaulting to project part: xc7a100tfgg484-3
Release 14.7 - ngc2edif P.20131013 (nt)
Copyright (c) 1995-2013 Xilinx, Inc.  All rights reserved.

Release 14.7 - ngc2edif P.20131013 (nt)
Copyright (c) 1995-2013 Xilinx, Inc.  All rights reserved.
Reading design shiyan_11.ngc ...
WARNING:NetListWriters:298 - No output is written to shiyan_11.xncf, ignored.
Processing design ...
   Preping design's networks ...
   Preping design's macros ...
  finished :Prep
Writing EDIF netlist file shiyan_11.edif ...
ngc2edif: Total memory usage is 83824 kilobytes

Parsing EDIF File [./planAhead_run_1/shiyan_11.data/cache/shiyan_11_ngc_zx.edif]
Finished Parsing EDIF File [./planAhead_run_1/shiyan_11.data/cache/shiyan_11_ngc_zx.edif]
INFO: [Netlist 29-17] Analyzing 13 Unisim elements for replacement
INFO: [Netlist 29-28] Unisim Transformation completed in 0 CPU seconds
Loading clock regions from C:/Xilinx/14.7/ISE_DS/PlanAhead/data\parts/xilinx/artix7/artix7/xc7a100t/ClockRegion.xml
Loading clock buffers from C:/Xilinx/14.7/ISE_DS/PlanAhead/data\parts/xilinx/artix7/artix7/xc7a100t/ClockBuffers.xml
Loading clock placement rules from C:/Xilinx/14.7/ISE_DS/PlanAhead/data/parts/xilinx/artix7/ClockPlacerRules.xml
Loading package pin functions from C:/Xilinx/14.7/ISE_DS/PlanAhead/data\parts/xilinx/artix7/PinFunctions.xml...
Loading package from C:/Xilinx/14.7/ISE_DS/PlanAhead/data\parts/xilinx/artix7/artix7/xc7a100t/fgg484/Package.xml
Loading io standards from C:/Xilinx/14.7/ISE_DS/PlanAhead/data\./parts/xilinx/artix7/IOStandards.xml
Loading device configuration modes from C:/Xilinx/14.7/ISE_DS/PlanAhead/data\parts/xilinx/artix7/ConfigModes.xml
Loading list of drcs for the architecture : C:/Xilinx/14.7/ISE_DS/PlanAhead/data\./parts/xilinx/artix7/drc.xml
Parsing UCF File [D:/FPGA/shiyan_11/shiyan_11.ucf]
Finished Parsing UCF File [D:/FPGA/shiyan_11/shiyan_11.ucf]
INFO: [Project 1-111] Unisim Transformation Summary:
  A total of 13 instances were transformed.
  BUFGP => BUFGP (IBUF, BUFG): 1 instances
  FDC => FDCE: 4 instances
  FDP => FDPE: 4 instances
  LDC => LDCE: 4 instances

Phase 0 | Netlist Checksum: 2b0ccbe2
link_design: Time (s): elapsed = 00:00:31 . Memory (MB): peak = 772.941 ; gain = 349.953
startgroup
set_property package_pin T3 [get_ports {d[3]}]
endgroup
startgroup
set_property package_pin U3 [get_ports {d[2]}]
endgroup
startgroup
set_property package_pin T4 [get_ports {d[1]}]
endgroup
startgroup
set_property package_pin V3 [get_ports {d[0]}]
endgroup
set_property iostandard LVCMOS18 [get_ports [list {d[3]} {d[2]} {d[1]} {d[0]}]]
set_property pulltype PULLDOWN [get_ports [list {d[3]} {d[2]} {d[1]} {d[0]}]]
startgroup
set_property package_pin R1 [get_ports {q[3]}]
endgroup
startgroup
set_property package_pin P2 [get_ports {q[2]}]
endgroup
set_property package_pin "" [get_ports [list  {q[0]}]]
startgroup
set_property package_pin P1 [get_ports {q[1]}]
endgroup
startgroup
set_property package_pin N2 [get_ports {q[0]}]
endgroup
set_property iostandard LVCMOS18 [get_ports [list {q[0]}]]
set_property iostandard LVCMOS18 [get_ports [list {q[3]}]]
set_property iostandard LVCMOS18 [get_ports [list {q[2]}]]
set_property iostandard LVCMOS18 [get_ports [list {q[1]}]]
set_property iostandard LVCMOS18 [get_ports [list clk]]
set_property iostandard LVCMOS18 [get_ports [list co]]
set_property iostandard LVCMOS18 [get_ports [list en]]
set_property iostandard LVCMOS18 [get_ports [list load]]
set_property iostandard LVCMOS18 [get_ports [list mr]]
startgroup
set_property package_pin V8 [get_ports clk]
endgroup
startgroup
set_property package_pin M1 [get_ports co]
endgroup
startgroup
set_property package_pin W4 [get_ports en]
endgroup
startgroup
set_property package_pin Y4 [get_ports load]
endgroup
startgroup
set_property package_pin Y6 [get_ports mr]
endgroup
set_property pulltype PULLDOWN [get_ports [list mr]]
set_property pulltype PULLDOWN [get_ports [list load]]
set_property pulltype PULLDOWN [get_ports [list en]]
save_constraints
exit
ERROR: [Common 17-39] 'stop_gui' failed due to earlier errors.
INFO: [Common 17-206] Exiting PlanAhead at Wed Nov 28 23:58:27 2018...
INFO: [Common 17-83] Releasing license: PlanAhead
