Release 14.7 - ngc2edif P.20131013 (nt)
Copyright (c) 1995-2013 Xilinx, Inc.  All rights reserved.
Reading design shiyan_14.ngc ...
WARNING:NetListWriters:298 - No output is written to shiyan_14.xncf, ignored.
Processing design ...
   Preping design's networks ...
   Preping design's macros ...
  finished :Prep
Writing EDIF netlist file shiyan_14.edif ...
ngc2edif: Total memory usage is 83824 kilobytes

Release 14.7 - ngc2edif P.20131013 (nt)
Copyright (c) 1995-2013 Xilinx, Inc.  All rights reserved.
Reading design shiyan_14.ngc ...
WARNING:NetListWriters:298 - No output is written to shiyan_14.xncf, ignored.
Processing design ...
   Preping design's networks ...
   Preping design's macros ...
  finished :Prep
Writing EDIF netlist file shiyan_14.edif ...
ngc2edif: Total memory usage is 83952 kilobytes

