Running: D:\Xilinx\14.7\ISE_DS\ISE\bin\nt64\unwrapped\fuse.exe -intstyle ise -incremental -lib unisims_ver -lib unimacro_ver -lib xilinxcorelib_ver -lib secureip -o E:/ISE/Term_PC/CPU/demo_isim_beh.exe -prj E:/ISE/Term_PC/CPU/demo_beh.prj work.demo work.glbl 
ISim P.20131013 (signature 0x7708f090)
Number of CPUs detected in this system: 4
Turning on mult-threading, number of parallel sub-compilation jobs: 8 
Determining compilation order of HDL files
Analyzing Verilog file "E:/ISE/Term_PC/CPU/ipcore_dir/RAM_B.v" into library work
Analyzing Verilog file "E:/ISE/Term_PC/CPU/yimaqi.v" into library work
Analyzing Verilog file "E:/ISE/Term_PC/CPU/RegFile.v" into library work
Analyzing Verilog file "E:/ISE/Term_PC/CPU/Get_Inst.v" into library work
Analyzing Verilog file "E:/ISE/Term_PC/CPU/ALU.v" into library work
Analyzing Verilog file "E:/ISE/Term_PC/CPU/CPU.v" into library work
Analyzing Verilog file "E:/ISE/Term_PC/CPU/demo.v" into library work
Analyzing Verilog file "D:/Xilinx/14.7/ISE_DS/ISE//verilog/src/glbl.v" into library work
Starting static elaboration
WARNING:HDLCompiler:1016 - "E:/ISE/Term_PC/CPU/Get_Inst.v" Line 10: Port wea is not connected to this instance
Completed static elaboration
Compiling module RegFile
Compiling module ALU
Compiling module yimaqi
Compiling module BLK_MEM_GEN_V7_3_output_stage(C_...
Compiling module BLK_MEM_GEN_V7_3_softecc_output_...
Compiling module BLK_MEM_GEN_V7_3_mem_module(C_CO...
Compiling module BLK_MEM_GEN_V7_3(C_FAMILY="artix...
Compiling module RAM_B
Compiling module Get_Inst
Compiling module CPU
Compiling module demo
Compiling module glbl
Time Resolution for simulation is 1ps.
Waiting for 5 sub-compilation(s) to finish...
Compiled 12 Verilog Units
Built simulation executable E:/ISE/Term_PC/CPU/demo_isim_beh.exe
Fuse Memory Usage: 32544 KB
Fuse CPU Usage: 499 ms
