#-----------------------------------------------------------
# PlanAhead v14.7
# Build 321239 by xbuild on Fri Sep 27 19:31:35 MDT 2013
# Start of session at: Sun Dec 09 12:45:05 2018
# Process ID: 13500
# Log file: E:/ISE/Project_2/planAhead_run_3/planAhead.log
# Journal file: E:/ISE/Project_2/planAhead_run_3/planAhead.jou
#-----------------------------------------------------------
INFO: [Common 17-78] Attempting to get a license: PlanAhead
INFO: [Common 17-290] Got license for PlanAhead
INFO: [Device 21-36] Loading parts and site information from D:/Xilinx/14.7/ISE_DS/PlanAhead/data/parts/arch.xml
Parsing RTL primitives file [D:/Xilinx/14.7/ISE_DS/PlanAhead/data/parts/xilinx/rtl/prims/rtl_prims.xml]
Finished parsing RTL primitives file [D:/Xilinx/14.7/ISE_DS/PlanAhead/data/parts/xilinx/rtl/prims/rtl_prims.xml]
start_gui
source E:/ISE/Project_2/pa.fromNetlist.tcl
# create_project -name Project_2 -dir "E:/ISE/Project_2/planAhead_run_3" -part xc7a100tfgg484-3
# set_property design_mode GateLvl [get_property srcset [current_run -impl]]
# set_property edif_top_file "E:/ISE/Project_2/text_2.ngc" [ get_property srcset [ current_run ] ]
# add_files -norecurse { {E:/ISE/Project_2} }
# set_param project.pinAheadLayout  yes
# set_property target_constrs_file "text_2.ucf" [current_fileset -constrset]
Adding file 'E:/ISE/Project_2/text_2.ucf' to fileset 'constrs_1'
# add_files [list {text_2.ucf}] -fileset [get_property constrset [current_run]]
# link_design
Design is defaulting to srcset: sources_1
Design is defaulting to constrset: constrs_1
Design is defaulting to project part: xc7a100tfgg484-3
Release 14.7 - ngc2edif P.20131013 (nt)
Copyright (c) 1995-2013 Xilinx, Inc.  All rights reserved.

Release 14.7 - ngc2edif P.20131013 (nt)
Copyright (c) 1995-2013 Xilinx, Inc.  All rights reserved.
Reading design text_2.ngc ...
WARNING:NetListWriters:298 - No output is written to text_2.xncf, ignored.
Processing design ...
   Preping design's networks ...
   Preping design's macros ...
  finished :Prep
Writing EDIF netlist file text_2.edif ...
ngc2edif: Total memory usage is 83888 kilobytes

Parsing EDIF File [./planAhead_run_3/Project_2.data/cache/text_2_ngc_zx.edif]
Finished Parsing EDIF File [./planAhead_run_3/Project_2.data/cache/text_2_ngc_zx.edif]
Loading clock regions from D:/Xilinx/14.7/ISE_DS/PlanAhead/data\parts/xilinx/artix7/artix7/xc7a100t/ClockRegion.xml
Loading clock buffers from D:/Xilinx/14.7/ISE_DS/PlanAhead/data\parts/xilinx/artix7/artix7/xc7a100t/ClockBuffers.xml
Loading clock placement rules from D:/Xilinx/14.7/ISE_DS/PlanAhead/data/parts/xilinx/artix7/ClockPlacerRules.xml
Loading package pin functions from D:/Xilinx/14.7/ISE_DS/PlanAhead/data\parts/xilinx/artix7/PinFunctions.xml...
Loading package from D:/Xilinx/14.7/ISE_DS/PlanAhead/data\parts/xilinx/artix7/artix7/xc7a100t/fgg484/Package.xml
Loading io standards from D:/Xilinx/14.7/ISE_DS/PlanAhead/data\./parts/xilinx/artix7/IOStandards.xml
Loading device configuration modes from D:/Xilinx/14.7/ISE_DS/PlanAhead/data\parts/xilinx/artix7/ConfigModes.xml
Loading list of drcs for the architecture : D:/Xilinx/14.7/ISE_DS/PlanAhead/data\./parts/xilinx/artix7/drc.xml
Parsing UCF File [E:/ISE/Project_2/text_2.ucf]
Finished Parsing UCF File [E:/ISE/Project_2/text_2.ucf]
INFO: [Project 1-111] Unisim Transformation Summary:
No Unisim elements were transformed.

Phase 0 | Netlist Checksum: 58441ea2
link_design: Time (s): elapsed = 00:00:14 . Memory (MB): peak = 799.723 ; gain = 354.262
set_property pulltype PULLDOWN [get_ports [list EN]]
set_property pulltype PULLDOWN [get_ports [list {A[1]} {A[0]}]]
set_property pulltype PULLDOWN [get_ports [list {B[1]} {B[0]}]]
set_property pulltype PULLDOWN [get_ports [list {C[1]} {C[0]}]]
set_property pulltype PULLDOWN [get_ports [list {D[1]} {D[0]}]]
set_property pulltype PULLDOWN [get_ports [list {S[1]} {S[0]}]]
save_constraints
exit
ERROR: [PlanAhead 12-106] *** Exception: ui.h.b: Found deleted key in HTclEventBroker. Verify if the classes listed here call cleanup()
HTclEvent: SIGNAL_MODIFY   Classes: ui.views.aR 
HTclEvent: SIGNAL_BUS_MODIFY   Classes: ui.views.aR 
HTclEvent: DEBUG_PORT_CONFIG_CHANGE   Classes: ui.views.aR 
HTclEvent: DEBUG_CORE_CONFIG_CHANGE   Classes: ui.views.aR 
 (See E:/ISE/Project_2\planAhead_pid13500.debug)
ERROR: [Common 17-39] 'stop_gui' failed due to earlier errors.
INFO: [Common 17-206] Exiting PlanAhead at Sun Dec 09 12:47:27 2018...
INFO: [Common 17-83] Releasing license: PlanAhead
