#-----------------------------------------------------------
# PlanAhead v14.7
# Build 321239 by xbuild on Fri Sep 27 19:31:35 MDT 2013
# Start of session at: Tue Nov 27 23:16:34 2018
# Process ID: 5256
# Log file: D:/FPGA/shiyan_9/planAhead_run_1/planAhead.log
# Journal file: D:/FPGA/shiyan_9/planAhead_run_1/planAhead.jou
#-----------------------------------------------------------
INFO: [Common 17-78] Attempting to get a license: PlanAhead
INFO: [Common 17-290] Got license for PlanAhead
INFO: [Device 21-36] Loading parts and site information from C:/Xilinx/14.7/ISE_DS/PlanAhead/data/parts/arch.xml
Parsing RTL primitives file [C:/Xilinx/14.7/ISE_DS/PlanAhead/data/parts/xilinx/rtl/prims/rtl_prims.xml]
Finished parsing RTL primitives file [C:/Xilinx/14.7/ISE_DS/PlanAhead/data/parts/xilinx/rtl/prims/rtl_prims.xml]
start_gui
source D:/FPGA/shiyan_9/pa.fromNetlist.tcl
# create_project -name shiyan_9 -dir "D:/FPGA/shiyan_9/planAhead_run_1" -part xc7a100tfgg484-3
create_project: Time (s): elapsed = 00:00:07 . Memory (MB): peak = 415.148 ; gain = 34.457
# set_property design_mode GateLvl [get_property srcset [current_run -impl]]
# set_property edif_top_file "D:/FPGA/shiyan_9/shiyan_9.ngc" [ get_property srcset [ current_run ] ]
# add_files -norecurse { {D:/FPGA/shiyan_9} }
# set_param project.pinAheadLayout  yes
# set_property target_constrs_file "shiyan_9.ucf" [current_fileset -constrset]
Adding file 'D:/FPGA/shiyan_9/shiyan_9.ucf' to fileset 'constrs_1'
# add_files [list {shiyan_9.ucf}] -fileset [get_property constrset [current_run]]
# link_design
Design is defaulting to srcset: sources_1
Design is defaulting to constrset: constrs_1
Design is defaulting to project part: xc7a100tfgg484-3
Release 14.7 - ngc2edif P.20131013 (nt)
Copyright (c) 1995-2013 Xilinx, Inc.  All rights reserved.

Release 14.7 - ngc2edif P.20131013 (nt)
Copyright (c) 1995-2013 Xilinx, Inc.  All rights reserved.
Reading design shiyan_9.ngc ...
WARNING:NetListWriters:298 - No output is written to shiyan_9.xncf, ignored.
Processing design ...
   Preping design's networks ...
   Preping design's macros ...
  finished :Prep
Writing EDIF netlist file shiyan_9.edif ...
ngc2edif: Total memory usage is 83888 kilobytes

Parsing EDIF File [./planAhead_run_1/shiyan_9.data/cache/shiyan_9_ngc_zx.edif]
Finished Parsing EDIF File [./planAhead_run_1/shiyan_9.data/cache/shiyan_9_ngc_zx.edif]
INFO: [Netlist 29-17] Analyzing 7 Unisim elements for replacement
INFO: [Netlist 29-28] Unisim Transformation completed in 0 CPU seconds
Loading clock regions from C:/Xilinx/14.7/ISE_DS/PlanAhead/data\parts/xilinx/artix7/artix7/xc7a100t/ClockRegion.xml
Loading clock buffers from C:/Xilinx/14.7/ISE_DS/PlanAhead/data\parts/xilinx/artix7/artix7/xc7a100t/ClockBuffers.xml
Loading clock placement rules from C:/Xilinx/14.7/ISE_DS/PlanAhead/data/parts/xilinx/artix7/ClockPlacerRules.xml
Loading package pin functions from C:/Xilinx/14.7/ISE_DS/PlanAhead/data\parts/xilinx/artix7/PinFunctions.xml...
Loading package from C:/Xilinx/14.7/ISE_DS/PlanAhead/data\parts/xilinx/artix7/artix7/xc7a100t/fgg484/Package.xml
Loading io standards from C:/Xilinx/14.7/ISE_DS/PlanAhead/data\./parts/xilinx/artix7/IOStandards.xml
Loading device configuration modes from C:/Xilinx/14.7/ISE_DS/PlanAhead/data\parts/xilinx/artix7/ConfigModes.xml
Loading list of drcs for the architecture : C:/Xilinx/14.7/ISE_DS/PlanAhead/data\./parts/xilinx/artix7/drc.xml
Parsing UCF File [D:/FPGA/shiyan_9/shiyan_9.ucf]
Finished Parsing UCF File [D:/FPGA/shiyan_9/shiyan_9.ucf]
INFO: [Project 1-111] Unisim Transformation Summary:
  A total of 7 instances were transformed.
  BUFGP => BUFGP (IBUF, BUFG): 1 instances
  FDC => FDCE: 2 instances
  FDP => FDPE: 2 instances
  LDC => LDCE: 2 instances

Phase 0 | Netlist Checksum: cdd64d88
link_design: Time (s): elapsed = 00:00:44 . Memory (MB): peak = 731.270 ; gain = 304.680
startgroup
set_property package_pin R1 [get_ports q]
endgroup
startgroup
set_property package_pin P2 [get_ports qb]
endgroup
set_property iostandard LVCMOS18 [get_ports [list qb]]
set_property iostandard LVCMOS18 [get_ports [list q]]
set_property iostandard LVCMOS18 [get_ports [list d]]
set_property iostandard LVCMOS18 [get_ports [list pre]]
set_property iostandard LVCMOS18 [get_ports [list clr]]
set_property iostandard LVCMOS18 [get_ports [list clk]]
startgroup
set_property package_pin V8 [get_ports clk]
endgroup
startgroup
set_property package_pin T3 [get_ports clr]
endgroup
startgroup
set_property package_pin U3 [get_ports d]
endgroup
startgroup
set_property package_pin T4 [get_ports pre]
endgroup
set_property pulltype PULLDOWN [get_ports [list clr]]
set_property pulltype PULLDOWN [get_ports [list d]]
set_property pulltype PULLDOWN [get_ports [list pre]]
save_constraints
exit
ERROR: [PlanAhead 12-106] *** Exception: ui.h.b: Found deleted key in HTclEventBroker. Verify if the classes listed here call cleanup()
HTclEvent: DEBUG_PORT_CONFIG_CHANGE   Classes: ui.views.aR 
HTclEvent: DEBUG_CORE_CONFIG_CHANGE   Classes: ui.views.aR 
HTclEvent: SIGNAL_MODIFY   Classes: ui.views.aR 
HTclEvent: SIGNAL_BUS_MODIFY   Classes: ui.views.aR 
 (See D:/FPGA/shiyan_9\planAhead_pid5256.debug)
ERROR: [Common 17-39] 'stop_gui' failed due to earlier errors.
INFO: [Common 17-206] Exiting PlanAhead at Tue Nov 27 23:29:16 2018...
INFO: [Common 17-83] Releasing license: PlanAhead
