--------------------------------------------------------------------------------
Release 14.7 Trace  (nt64)
Copyright (c) 1995-2013 Xilinx, Inc.  All rights reserved.

D:\Xilinx\14.7\ISE_DS\ISE\bin\nt64\unwrapped\trce.exe -intstyle ise -v 3 -s 3
-n 3 -fastpaths -xml Demo_6.twx Demo_6.ncd -o Demo_6.twr Demo_6.pcf -ucf
Demo_6.ucf

Design file:              Demo_6.ncd
Physical constraint file: Demo_6.pcf
Device,package,speed:     xc7a100t,fgg484,C,-3 (PRODUCTION 1.10 2013-10-13)
Report level:             verbose report

Environment Variable      Effect 
--------------------      ------ 
NONE                      No environment variables were set
--------------------------------------------------------------------------------

INFO:Timing:2698 - No timing constraints found, doing default enumeration.
INFO:Timing:3412 - To improve timing, see the Timing Closure User Guide (UG612).
INFO:Timing:2752 - To get complete path coverage, use the unconstrained paths 
   option. All paths that are not constrained will be reported in the 
   unconstrained paths section(s) of the report.
INFO:Timing:3339 - The clock-to-out numbers in this timing report are based on 
   a 50 Ohm transmission line loading model.  For the details of this model, 
   and for more information on accounting for different loading conditions, 
   please see the device datasheet.



Data Sheet report:
-----------------
All values displayed in nanoseconds (ns)

Pad to Pad
---------------+---------------+---------+
Source Pad     |Destination Pad|  Delay  |
---------------+---------------+---------+
a<0>           |c4             |    6.326|
a<0>           |f<0>           |    5.911|
a<0>           |f<1>           |    5.742|
a<0>           |f<2>           |    6.172|
a<0>           |f<3>           |    6.380|
a<1>           |c4             |    6.734|
a<1>           |f<1>           |    6.142|
a<1>           |f<2>           |    6.580|
a<1>           |f<3>           |    6.788|
a<2>           |c4             |    6.210|
a<2>           |f<2>           |    5.626|
a<2>           |f<3>           |    5.836|
a<3>           |f<3>           |    6.276|
b<0>           |c4             |    7.099|
b<0>           |f<0>           |    6.252|
b<0>           |f<1>           |    6.513|
b<0>           |f<2>           |    6.945|
b<0>           |f<3>           |    7.153|
b<1>           |c4             |    6.828|
b<1>           |f<1>           |    6.232|
b<1>           |f<2>           |    6.674|
b<1>           |f<3>           |    6.882|
b<2>           |c4             |    6.199|
b<2>           |f<2>           |    6.007|
b<2>           |f<3>           |    6.209|
b<3>           |f<3>           |    6.407|
c0             |c4             |    7.110|
c0             |f<0>           |    6.318|
c0             |f<1>           |    6.510|
c0             |f<2>           |    6.956|
c0             |f<3>           |    7.164|
---------------+---------------+---------+


Analysis completed Sun Dec 09 13:29:23 2018 
--------------------------------------------------------------------------------

Trace Settings:
-------------------------
Trace Settings 

Peak Memory Usage: 5004 MB



