Release 14.7 - ngc2edif P.20131013 (nt)
Copyright (c) 1995-2013 Xilinx, Inc.  All rights reserved.
Reading design Demo_6.ngc ...
WARNING:NetListWriters:298 - No output is written to Demo_6.xncf, ignored.
Processing design ...
   Preping design's networks ...
   Preping design's macros ...
  finished :Prep
Writing EDIF netlist file Demo_6.edif ...
ngc2edif: Total memory usage is 83824 kilobytes

Release 14.7 - ngc2edif P.20131013 (nt)
Copyright (c) 1995-2013 Xilinx, Inc.  All rights reserved.
Reading design Demo_6.ngc ...
WARNING:NetListWriters:298 - No output is written to Demo_6.xncf, ignored.
Processing design ...
   Preping design's networks ...
   Preping design's macros ...
  finished :Prep
Writing EDIF netlist file Demo_6.edif ...
ngc2edif: Total memory usage is 84464 kilobytes

