Running: D:\Xilinx\14.7\ISE_DS\ISE\bin\nt64\unwrapped\fuse.exe -intstyle ise -incremental -lib unisims_ver -lib unimacro_ver -lib xilinxcorelib_ver -lib secureip -o E:/ISE/Term_PC/Regs/test_isim_beh.exe -prj E:/ISE/Term_PC/Regs/test_beh.prj work.test work.glbl 
ISim P.20131013 (signature 0x7708f090)
Number of CPUs detected in this system: 4
Turning on mult-threading, number of parallel sub-compilation jobs: 8 
Determining compilation order of HDL files
Analyzing Verilog file "E:/ISE/Term_PC/Regs/RegFile.v" into library work
Analyzing Verilog file "E:/ISE/Term_PC/Regs/LedTube.v" into library work
Analyzing Verilog file "E:/ISE/Term_PC/Regs/top.v" into library work
Analyzing Verilog file "E:/ISE/Term_PC/Regs/test.v" into library work
Analyzing Verilog file "D:/Xilinx/14.7/ISE_DS/ISE//verilog/src/glbl.v" into library work
Starting static elaboration
Completed static elaboration
Compiling module RegFile
Compiling module LedTube
Compiling module top
Compiling module test
Compiling module glbl
Time Resolution for simulation is 1ps.
Waiting for 1 sub-compilation(s) to finish...
Compiled 5 Verilog Units
Built simulation executable E:/ISE/Term_PC/Regs/test_isim_beh.exe
Fuse Memory Usage: 28360 KB
Fuse CPU Usage: 452 ms
