
****** PlanAhead v14.7
  **** Build 321239 by xbuild on Fri Sep 27 19:31:35 MDT 2013
    ** Copyright 1986-1999, 2001-2013 Xilinx, Inc. All Rights Reserved.

INFO: [Common 17-78] Attempting to get a license: PlanAhead
INFO: [Common 17-290] Got license for PlanAhead
INFO: [Device 21-36] Loading parts and site information from D:/Xilinx/14.7/ISE_DS/PlanAhead/data/parts/arch.xml
Parsing RTL primitives file [D:/Xilinx/14.7/ISE_DS/PlanAhead/data/parts/xilinx/rtl/prims/rtl_prims.xml]
Finished parsing RTL primitives file [D:/Xilinx/14.7/ISE_DS/PlanAhead/data/parts/xilinx/rtl/prims/rtl_prims.xml]
start_gui
source E:/ISE/Priject_led/pa.fromNetlist.tcl
# create_project -name Priject_led -dir "E:/ISE/Priject_led/planAhead_run_1" -part xc7a100tfgg484-3
# set_property design_mode GateLvl [get_property srcset [current_run -impl]]
# set_property edif_top_file "E:/ISE/Priject_led/led.ngc" [ get_property srcset [ current_run ] ]
# add_files -norecurse { {E:/ISE/Priject_led} }
# set_param project.pinAheadLayout  yes
# set_property target_constrs_file "led.ucf" [current_fileset -constrset]
Adding file 'E:/ISE/Priject_led/led.ucf' to fileset 'constrs_1'
# add_files [list {led.ucf}] -fileset [get_property constrset [current_run]]
# link_design
Design is defaulting to srcset: sources_1
Design is defaulting to constrset: constrs_1
Design is defaulting to project part: xc7a100tfgg484-3
Release 14.7 - ngc2edif P.20131013 (nt)
Copyright (c) 1995-2013 Xilinx, Inc.  All rights reserved.

Release 14.7 - ngc2edif P.20131013 (nt)
Copyright (c) 1995-2013 Xilinx, Inc.  All rights reserved.
Reading design led.ngc ...
WARNING:NetListWriters:298 - No output is written to led.xncf, ignored.
Processing design ...
   Preping design's networks ...
   Preping design's macros ...
WARNING:NetListWriters:306 - Signal bus buffer<10 : 0> on block led is not
   reconstructed, because there are some missing bus signals.
  finished :Prep
Writing EDIF netlist file led.edif ...
ngc2edif: Total memory usage is 84464 kilobytes

Parsing EDIF File [./planAhead_run_1/Priject_led.data/cache/led_ngc_zx.edif]
Finished Parsing EDIF File [./planAhead_run_1/Priject_led.data/cache/led_ngc_zx.edif]
INFO: [Netlist 29-17] Analyzing 11 Unisim elements for replacement
INFO: [Netlist 29-28] Unisim Transformation completed in 0 CPU seconds
Loading clock regions from D:/Xilinx/14.7/ISE_DS/PlanAhead/data\parts/xilinx/artix7/artix7/xc7a100t/ClockRegion.xml
Loading clock buffers from D:/Xilinx/14.7/ISE_DS/PlanAhead/data\parts/xilinx/artix7/artix7/xc7a100t/ClockBuffers.xml
Loading clock placement rules from D:/Xilinx/14.7/ISE_DS/PlanAhead/data/parts/xilinx/artix7/ClockPlacerRules.xml
Loading package pin functions from D:/Xilinx/14.7/ISE_DS/PlanAhead/data\parts/xilinx/artix7/PinFunctions.xml...
Loading package from D:/Xilinx/14.7/ISE_DS/PlanAhead/data\parts/xilinx/artix7/artix7/xc7a100t/fgg484/Package.xml
Loading io standards from D:/Xilinx/14.7/ISE_DS/PlanAhead/data\./parts/xilinx/artix7/IOStandards.xml
Loading device configuration modes from D:/Xilinx/14.7/ISE_DS/PlanAhead/data\parts/xilinx/artix7/ConfigModes.xml
Loading list of drcs for the architecture : D:/Xilinx/14.7/ISE_DS/PlanAhead/data\./parts/xilinx/artix7/drc.xml
Parsing UCF File [E:/ISE/Priject_led/led.ucf]
Finished Parsing UCF File [E:/ISE/Priject_led/led.ucf]
INFO: [Project 1-111] Unisim Transformation Summary:
  A total of 11 instances were transformed.
  BUFGP => BUFGP (IBUF, BUFG): 1 instances
  LD => LDCE: 10 instances

Phase 0 | Netlist Checksum: 4767e447
link_design: Time (s): elapsed = 00:00:19 . Memory (MB): peak = 752.625 ; gain = 313.320
set_property iostandard LVCMOS18 [get_ports [list {led[7]} {led[6]} {led[5]} {led[4]} {led[3]} {led[2]} {led[1]} {led[0]}]]
set_property iostandard LVCMOS18 [get_ports [list {sw[1]} {sw[0]}]]
set_property pulltype PULLDOWN [get_ports [list {sw[1]} {sw[0]}]]
startgroup
set_property package_pin R1 [get_ports {led[7]}]
endgroup
startgroup
set_property package_pin P2 [get_ports {led[6]}]
endgroup
startgroup
set_property package_pin P1 [get_ports {led[5]}]
endgroup
startgroup
set_property package_pin N2 [get_ports {led[4]}]
endgroup
startgroup
set_property package_pin M1 [get_ports {led[3]}]
endgroup
startgroup
set_property package_pin M2 [get_ports {led[2]}]
endgroup
startgroup
set_property package_pin L1 [get_ports {led[1]}]
endgroup
startgroup
set_property package_pin J2 [get_ports {led[0]}]
endgroup
startgroup
set_property package_pin T3 [get_ports {sw[1]}]
endgroup
startgroup
set_property package_pin U3 [get_ports {sw[0]}]
endgroup
set_property iostandard LVCMOS18 [get_ports [list clk]]
set_property iostandard LVCMOS18 [get_ports [list rst]]
startgroup
set_property package_pin H4 [get_ports clk]
endgroup
startgroup
set_property package_pin AA8 [get_ports rst]
endgroup
save_constraints
exit
ERROR: [Common 17-39] 'stop_gui' failed due to earlier errors.
INFO: [Common 17-206] Exiting PlanAhead at Tue Dec 18 21:10:05 2018...
INFO: [Common 17-83] Releasing license: PlanAhead
